{"meta": {"format": 3, "version": "7.13.5", "timestamp": "2026-04-18T00:53:54.140879", "branch_coverage": false, "show_contexts": false}, "files": {"anomyze/__init__.py": {"executed_lines": [23, 24, 25, 29, 32, 39, 40, 51, 53], "summary": {"covered_lines": 9, "num_statements": 9, "percent_covered": 100.0, "percent_covered_display": "100", "missing_lines": 0, "excluded_lines": 0, "percent_statements_covered": 100.0, "percent_statements_covered_display": "100"}, "missing_lines": [], "excluded_lines": [], "functions": {"": {"executed_lines": [23, 24, 25, 29, 32, 39, 40, 51, 53], "summary": {"covered_lines": 9, "num_statements": 9, "percent_covered": 100.0, "percent_covered_display": "100", "missing_lines": 0, "excluded_lines": 0, "percent_statements_covered": 100.0, "percent_statements_covered_display": "100"}, "missing_lines": [], "excluded_lines": [], "start_line": 1}}, "classes": {"": {"executed_lines": [23, 24, 25, 29, 32, 39, 40, 51, 53], "summary": {"covered_lines": 9, "num_statements": 9, "percent_covered": 100.0, "percent_covered_display": "100", "missing_lines": 0, "excluded_lines": 0, "percent_statements_covered": 100.0, "percent_statements_covered_display": "100"}, "missing_lines": [], "excluded_lines": [], "start_line": 1}}}, "anomyze/api/__init__.py": {"executed_lines": [], "summary": {"covered_lines": 0, "num_statements": 0, "percent_covered": 100.0, "percent_covered_display": "100", "missing_lines": 0, "excluded_lines": 0, "percent_statements_covered": 100.0, "percent_statements_covered_display": "100"}, "missing_lines": [], "excluded_lines": [], "functions": {"": {"executed_lines": [], "summary": {"covered_lines": 0, "num_statements": 0, "percent_covered": 100.0, "percent_covered_display": "100", "missing_lines": 0, "excluded_lines": 0, "percent_statements_covered": 100.0, "percent_statements_covered_display": "100"}, "missing_lines": [], "excluded_lines": [], "start_line": 1}}, "classes": {"": {"executed_lines": [], "summary": {"covered_lines": 0, "num_statements": 0, "percent_covered": 100.0, "percent_covered_display": "100", "missing_lines": 0, "excluded_lines": 0, "percent_statements_covered": 100.0, "percent_statements_covered_display": "100"}, "missing_lines": [], "excluded_lines": [], "start_line": 1}}}, "anomyze/api/hardening.py": {"executed_lines": [9, 11, 15, 16, 17, 18, 19, 20, 28, 29, 30, 37, 38, 41, 44, 45, 46, 48, 49, 50, 51, 52, 53, 59, 65, 77, 79, 80, 81, 82, 86, 90, 92, 93, 94, 95, 96, 99], "summary": {"covered_lines": 38, "num_statements": 40, "percent_covered": 95.0, "percent_covered_display": "95", "missing_lines": 2, "excluded_lines": 9, "percent_statements_covered": 95.0, "percent_statements_covered_display": "95"}, "missing_lines": [57, 58], "excluded_lines": [21, 22, 23, 24, 25, 26, 31, 32, 33], "functions": {"BodySizeLimitMiddleware.__init__": {"executed_lines": [45, 46], "summary": {"covered_lines": 2, "num_statements": 2, "percent_covered": 100.0, "percent_covered_display": "100", "missing_lines": 0, "excluded_lines": 0, "percent_statements_covered": 100.0, "percent_statements_covered_display": "100"}, "missing_lines": [], "excluded_lines": [], "start_line": 44}, "BodySizeLimitMiddleware.dispatch": {"executed_lines": [49, 50, 51, 52, 53, 59], "summary": {"covered_lines": 6, "num_statements": 8, "percent_covered": 75.0, "percent_covered_display": "75", "missing_lines": 2, "excluded_lines": 0, "percent_statements_covered": 75.0, "percent_statements_covered_display": "75"}, "missing_lines": [57, 58], "excluded_lines": [], "start_line": 48}, "install": {"executed_lines": [77, 79, 80, 81, 82, 86, 90, 92, 93], "summary": {"covered_lines": 9, "num_statements": 9, "percent_covered": 100.0, "percent_covered_display": "100", "missing_lines": 0, "excluded_lines": 0, "percent_statements_covered": 100.0, "percent_statements_covered_display": "100"}, "missing_lines": [], "excluded_lines": [], "start_line": 65}, "install._security_headers": {"executed_lines": [94, 95, 96], "summary": {"covered_lines": 3, "num_statements": 3, "percent_covered": 100.0, "percent_covered_display": "100", "missing_lines": 0, "excluded_lines": 0, "percent_statements_covered": 100.0, "percent_statements_covered_display": "100"}, "missing_lines": [], "excluded_lines": [], "start_line": 93}, "": {"executed_lines": [9, 11, 15, 16, 17, 18, 19, 20, 28, 29, 30, 37, 38, 41, 44, 48, 65, 99], "summary": {"covered_lines": 18, "num_statements": 18, "percent_covered": 100.0, "percent_covered_display": "100", "missing_lines": 0, "excluded_lines": 9, "percent_statements_covered": 100.0, "percent_statements_covered_display": "100"}, "missing_lines": [], "excluded_lines": [21, 22, 23, 24, 25, 26, 31, 32, 33], "start_line": 1}}, "classes": {"BodySizeLimitMiddleware": {"executed_lines": [45, 46, 49, 50, 51, 52, 53, 59], "summary": {"covered_lines": 8, "num_statements": 10, "percent_covered": 80.0, "percent_covered_display": "80", "missing_lines": 2, "excluded_lines": 0, "percent_statements_covered": 80.0, "percent_statements_covered_display": "80"}, "missing_lines": [57, 58], "excluded_lines": [], "start_line": 41}, "": {"executed_lines": [9, 11, 15, 16, 17, 18, 19, 20, 28, 29, 30, 37, 38, 41, 44, 48, 65, 77, 79, 80, 81, 82, 86, 90, 92, 93, 94, 95, 96, 99], "summary": {"covered_lines": 30, "num_statements": 30, "percent_covered": 100.0, "percent_covered_display": "100", "missing_lines": 0, "excluded_lines": 9, "percent_statements_covered": 100.0, "percent_statements_covered_display": "100"}, "missing_lines": [], "excluded_lines": [21, 22, 23, 24, 25, 26, 31, 32, 33], "start_line": 1}}}, "anomyze/api/logging_config.py": {"executed_lines": [25, 27, 28, 29, 31, 32, 33, 39, 45, 47, 48, 53, 55, 61, 75, 77, 78, 79], "summary": {"covered_lines": 18, "num_statements": 18, "percent_covered": 100.0, "percent_covered_display": "100", "missing_lines": 0, "excluded_lines": 3, "percent_statements_covered": 100.0, "percent_statements_covered_display": "100"}, "missing_lines": [], "excluded_lines": [34, 35, 36], "functions": {"configure_logging": {"executed_lines": [45, 47, 48, 53, 55, 61], "summary": {"covered_lines": 6, "num_statements": 6, "percent_covered": 100.0, "percent_covered_display": "100", "missing_lines": 0, "excluded_lines": 0, "percent_statements_covered": 100.0, "percent_statements_covered_display": "100"}, "missing_lines": [], "excluded_lines": [], "start_line": 39}, "get_logger": {"executed_lines": [77, 78, 79], "summary": {"covered_lines": 3, "num_statements": 3, "percent_covered": 100.0, "percent_covered_display": "100", "missing_lines": 0, "excluded_lines": 0, "percent_statements_covered": 100.0, "percent_statements_covered_display": "100"}, "missing_lines": [], "excluded_lines": [], "start_line": 75}, "": {"executed_lines": [25, 27, 28, 29, 31, 32, 33, 39, 75], "summary": {"covered_lines": 9, "num_statements": 9, "percent_covered": 100.0, "percent_covered_display": "100", "missing_lines": 0, "excluded_lines": 3, "percent_statements_covered": 100.0, "percent_statements_covered_display": "100"}, "missing_lines": [], "excluded_lines": [34, 35, 36], "start_line": 1}}, "classes": {"": {"executed_lines": [25, 27, 28, 29, 31, 32, 33, 39, 45, 47, 48, 53, 55, 61, 75, 77, 78, 79], "summary": {"covered_lines": 18, "num_statements": 18, "percent_covered": 100.0, "percent_covered_display": "100", "missing_lines": 0, "excluded_lines": 3, "percent_statements_covered": 100.0, "percent_statements_covered_display": "100"}, "missing_lines": [], "excluded_lines": [34, 35, 36], "start_line": 1}}}, "anomyze/api/main.py": {"executed_lines": [10, 11, 13, 15, 16, 17, 18, 19, 20, 21, 24, 25, 27, 28, 30, 31, 32, 33, 34, 37, 38, 40, 43, 44, 46, 48, 49, 50, 53, 62, 63, 65, 67, 79, 80, 81, 82, 84, 88], "summary": {"covered_lines": 39, "num_statements": 41, "percent_covered": 95.1219512195122, "percent_covered_display": "95", "missing_lines": 2, "excluded_lines": 0, "percent_statements_covered": 95.1219512195122, "percent_statements_covered_display": "95"}, "missing_lines": [39, 45], "excluded_lines": [], "functions": {"lifespan": {"executed_lines": [27, 28, 30, 31, 32, 33, 34, 37, 38, 40, 43, 44, 46, 48, 49, 50], "summary": {"covered_lines": 16, "num_statements": 18, "percent_covered": 88.88888888888889, "percent_covered_display": "89", "missing_lines": 2, "excluded_lines": 0, "percent_statements_covered": 88.88888888888889, "percent_statements_covered_display": "89"}, "missing_lines": [39, 45], "excluded_lines": [], "start_line": 25}, "create_app": {"executed_lines": [62, 63, 65, 67, 79, 80, 81, 82, 84], "summary": {"covered_lines": 9, "num_statements": 9, "percent_covered": 100.0, "percent_covered_display": "100", "missing_lines": 0, "excluded_lines": 0, "percent_statements_covered": 100.0, "percent_statements_covered_display": "100"}, "missing_lines": [], "excluded_lines": [], "start_line": 53}, "": {"executed_lines": [10, 11, 13, 15, 16, 17, 18, 19, 20, 21, 24, 25, 53, 88], "summary": {"covered_lines": 14, "num_statements": 14, "percent_covered": 100.0, "percent_covered_display": "100", "missing_lines": 0, "excluded_lines": 0, "percent_statements_covered": 100.0, "percent_statements_covered_display": "100"}, "missing_lines": [], "excluded_lines": [], "start_line": 1}}, "classes": {"": {"executed_lines": [10, 11, 13, 15, 16, 17, 18, 19, 20, 21, 24, 25, 27, 28, 30, 31, 32, 33, 34, 37, 38, 40, 43, 44, 46, 48, 49, 50, 53, 62, 63, 65, 67, 79, 80, 81, 82, 84, 88], "summary": {"covered_lines": 39, "num_statements": 41, "percent_covered": 95.1219512195122, "percent_covered_display": "95", "missing_lines": 2, "excluded_lines": 0, "percent_statements_covered": 95.1219512195122, "percent_statements_covered_display": "95"}, "missing_lines": [39, 45], "excluded_lines": [], "start_line": 1}}}, "anomyze/api/metrics.py": {"executed_lines": [19, 21, 23, 24, 25, 26, 37, 38, 39, 40, 41, 43, 44, 49, 55, 61, 66, 75, 77, 79, 80, 83, 85, 87, 90, 91, 93, 96, 97, 99, 102, 107, 109], "summary": {"covered_lines": 33, "num_statements": 38, "percent_covered": 86.84210526315789, "percent_covered_display": "87", "missing_lines": 5, "excluded_lines": 3, "percent_statements_covered": 86.84210526315789, "percent_statements_covered_display": "87"}, "missing_lines": [78, 86, 92, 98, 108], "excluded_lines": [27, 28, 29], "functions": {"record_entity": {"executed_lines": [77, 79, 80], "summary": {"covered_lines": 3, "num_statements": 4, "percent_covered": 75.0, "percent_covered_display": "75", "missing_lines": 1, "excluded_lines": 0, "percent_statements_covered": 75.0, "percent_statements_covered_display": "75"}, "missing_lines": [78], "excluded_lines": [], "start_line": 75}, "record_stage_duration": {"executed_lines": [85, 87], "summary": {"covered_lines": 2, "num_statements": 3, "percent_covered": 66.66666666666667, "percent_covered_display": "67", "missing_lines": 1, "excluded_lines": 0, "percent_statements_covered": 66.66666666666667, "percent_statements_covered_display": "67"}, "missing_lines": [86], "excluded_lines": [], "start_line": 83}, "record_channel_request": {"executed_lines": [91, 93], "summary": {"covered_lines": 2, "num_statements": 3, "percent_covered": 66.66666666666667, "percent_covered_display": "67", "missing_lines": 1, "excluded_lines": 0, "percent_statements_covered": 66.66666666666667, "percent_statements_covered_display": "67"}, "missing_lines": [92], "excluded_lines": [], "start_line": 90}, "set_model_loaded": {"executed_lines": [97, 99], "summary": {"covered_lines": 2, "num_statements": 3, "percent_covered": 66.66666666666667, "percent_covered_display": "67", "missing_lines": 1, "excluded_lines": 0, "percent_statements_covered": 66.66666666666667, "percent_statements_covered_display": "67"}, "missing_lines": [98], "excluded_lines": [], "start_line": 96}, "install": {"executed_lines": [107, 109], "summary": {"covered_lines": 2, "num_statements": 3, "percent_covered": 66.66666666666667, "percent_covered_display": "67", "missing_lines": 1, "excluded_lines": 0, "percent_statements_covered": 66.66666666666667, "percent_statements_covered_display": "67"}, "missing_lines": [108], "excluded_lines": [], "start_line": 102}, "": {"executed_lines": [19, 21, 23, 24, 25, 26, 37, 38, 39, 40, 41, 43, 44, 49, 55, 61, 66, 75, 83, 90, 96, 102], "summary": {"covered_lines": 22, "num_statements": 22, "percent_covered": 100.0, "percent_covered_display": "100", "missing_lines": 0, "excluded_lines": 3, "percent_statements_covered": 100.0, "percent_statements_covered_display": "100"}, "missing_lines": [], "excluded_lines": [27, 28, 29], "start_line": 1}}, "classes": {"": {"executed_lines": [19, 21, 23, 24, 25, 26, 37, 38, 39, 40, 41, 43, 44, 49, 55, 61, 66, 75, 77, 79, 80, 83, 85, 87, 90, 91, 93, 96, 97, 99, 102, 107, 109], "summary": {"covered_lines": 33, "num_statements": 38, "percent_covered": 86.84210526315789, "percent_covered_display": "87", "missing_lines": 5, "excluded_lines": 3, "percent_statements_covered": 86.84210526315789, "percent_statements_covered_display": "87"}, "missing_lines": [78, 86, 92, 98, 108], "excluded_lines": [27, 28, 29], "start_line": 1}}}, "anomyze/api/models.py": {"executed_lines": [5, 7, 9, 12, 15, 16, 17, 18, 19, 20, 23, 26, 34, 37, 41, 42, 43, 44, 45, 46, 50, 51, 56, 65, 68, 77, 90, 99, 101, 103, 104, 107, 114, 122], "summary": {"covered_lines": 34, "num_statements": 34, "percent_covered": 100.0, "percent_covered_display": "100", "missing_lines": 0, "excluded_lines": 0, "percent_statements_covered": 100.0, "percent_statements_covered_display": "100"}, "missing_lines": [], "excluded_lines": [], "functions": {"AnonymizeRequest._check_max_length": {"executed_lines": [44, 45, 46, 50], "summary": {"covered_lines": 4, "num_statements": 4, "percent_covered": 100.0, "percent_covered_display": "100", "missing_lines": 0, "excluded_lines": 0, "percent_statements_covered": 100.0, "percent_statements_covered_display": "100"}, "missing_lines": [], "excluded_lines": [], "start_line": 43}, "": {"executed_lines": [5, 7, 9, 12, 15, 16, 17, 18, 19, 20, 23, 26, 34, 37, 41, 42, 43, 51, 56, 65, 68, 77, 90, 99, 101, 103, 104, 107, 114, 122], "summary": {"covered_lines": 30, "num_statements": 30, "percent_covered": 100.0, "percent_covered_display": "100", "missing_lines": 0, "excluded_lines": 0, "percent_statements_covered": 100.0, "percent_statements_covered_display": "100"}, "missing_lines": [], "excluded_lines": [], "start_line": 1}}, "classes": {"SettingsOverride": {"executed_lines": [], "summary": {"covered_lines": 0, "num_statements": 0, "percent_covered": 100.0, "percent_covered_display": "100", "missing_lines": 0, "excluded_lines": 0, "percent_statements_covered": 100.0, "percent_statements_covered_display": "100"}, "missing_lines": [], "excluded_lines": [], "start_line": 12}, "AnonymizeRequest": {"executed_lines": [44, 45, 46, 50], "summary": {"covered_lines": 4, "num_statements": 4, "percent_covered": 100.0, "percent_covered_display": "100", "missing_lines": 0, "excluded_lines": 0, "percent_statements_covered": 100.0, "percent_statements_covered_display": "100"}, "missing_lines": [], "excluded_lines": [], "start_line": 23}, "DetectedEntityResponse": {"executed_lines": [], "summary": {"covered_lines": 0, "num_statements": 0, "percent_covered": 100.0, "percent_covered_display": "100", "missing_lines": 0, "excluded_lines": 0, "percent_statements_covered": 100.0, "percent_statements_covered_display": "100"}, "missing_lines": [], "excluded_lines": [], "start_line": 56}, "RedactionProtocolEntry": {"executed_lines": [], "summary": {"covered_lines": 0, "num_statements": 0, "percent_covered": 100.0, "percent_covered_display": "100", "missing_lines": 0, "excluded_lines": 0, "percent_statements_covered": 100.0, "percent_statements_covered_display": "100"}, "missing_lines": [], "excluded_lines": [], "start_line": 68}, "AuditEntryResponse": {"executed_lines": [], "summary": {"covered_lines": 0, "num_statements": 0, "percent_covered": 100.0, "percent_covered_display": "100", "missing_lines": 0, "excluded_lines": 0, "percent_statements_covered": 100.0, "percent_statements_covered_display": "100"}, "missing_lines": [], "excluded_lines": [], "start_line": 77}, "AnonymizeResponse": {"executed_lines": [], "summary": {"covered_lines": 0, "num_statements": 0, "percent_covered": 100.0, "percent_covered_display": "100", "missing_lines": 0, "excluded_lines": 0, "percent_statements_covered": 100.0, "percent_statements_covered_display": "100"}, "missing_lines": [], "excluded_lines": [], "start_line": 90}, "MappingResponse": {"executed_lines": [], "summary": {"covered_lines": 0, "num_statements": 0, "percent_covered": 100.0, "percent_covered_display": "100", "missing_lines": 0, "excluded_lines": 0, "percent_statements_covered": 100.0, "percent_statements_covered_display": "100"}, "missing_lines": [], "excluded_lines": [], "start_line": 107}, "AuditResponse": {"executed_lines": [], "summary": {"covered_lines": 0, "num_statements": 0, "percent_covered": 100.0, "percent_covered_display": "100", "missing_lines": 0, "excluded_lines": 0, "percent_statements_covered": 100.0, "percent_statements_covered_display": "100"}, "missing_lines": [], "excluded_lines": [], "start_line": 114}, "HealthResponse": {"executed_lines": [], "summary": {"covered_lines": 0, "num_statements": 0, "percent_covered": 100.0, "percent_covered_display": "100", "missing_lines": 0, "excluded_lines": 0, "percent_statements_covered": 100.0, "percent_statements_covered_display": "100"}, "missing_lines": [], "excluded_lines": [], "start_line": 122}, "": {"executed_lines": [5, 7, 9, 12, 15, 16, 17, 18, 19, 20, 23, 26, 34, 37, 41, 42, 43, 51, 56, 65, 68, 77, 90, 99, 101, 103, 104, 107, 114, 122], "summary": {"covered_lines": 30, "num_statements": 30, "percent_covered": 100.0, "percent_covered_display": "100", "missing_lines": 0, "excluded_lines": 0, "percent_statements_covered": 100.0, "percent_statements_covered_display": "100"}, "missing_lines": [], "excluded_lines": [], "start_line": 1}}}, "anomyze/api/routes.py": {"executed_lines": [13, 15, 17, 18, 28, 29, 30, 31, 32, 34, 37, 38, 40, 42, 43, 51, 52, 61, 62, 63, 66, 81, 82, 83, 85, 87, 88, 89, 91, 93, 97, 98, 99, 100, 101, 102, 104, 105, 106, 107, 108, 111, 112, 113, 114, 117, 118, 119, 120, 123, 124, 125, 128, 129, 132, 138, 141, 142, 143, 146, 147, 148, 151, 152, 154, 157, 158, 159, 162, 163, 164, 167, 168, 176, 189, 197, 198, 199, 200, 209, 210, 211, 212, 226, 229, 230, 235, 236, 237, 238, 239, 242, 243, 245, 246, 247, 248, 249, 252, 253, 276, 277, 282, 283, 284, 285, 288], "summary": {"covered_lines": 107, "num_statements": 123, "percent_covered": 86.99186991869918, "percent_covered_display": "87", "missing_lines": 16, "excluded_lines": 0, "percent_statements_covered": 86.99186991869918, "percent_statements_covered_display": "87"}, "missing_lines": [84, 86, 90, 92, 94, 133, 134, 135, 136, 260, 261, 262, 263, 264, 265, 268], "excluded_lines": [], "functions": {"health": {"executed_lines": [40, 42, 43], "summary": {"covered_lines": 3, "num_statements": 3, "percent_covered": 100.0, "percent_covered_display": "100", "missing_lines": 0, "excluded_lines": 0, "percent_statements_covered": 100.0, "percent_statements_covered_display": "100"}, "missing_lines": [], "excluded_lines": [], "start_line": 38}, "anonymize": {"executed_lines": [61, 62, 63, 66, 81, 82, 83, 85, 87, 88, 89, 91, 93, 97, 98, 99, 100, 101, 102, 104, 105, 106, 107, 108, 111, 112, 113, 114, 117, 118, 119, 120, 123, 124, 125, 128, 129, 132, 138, 141, 142, 143, 146, 147, 148, 151, 152, 154, 157, 158, 159, 162, 163, 164, 167, 168, 176, 189, 197, 198, 199, 200, 209, 210, 211, 212, 226], "summary": {"covered_lines": 67, "num_statements": 76, "percent_covered": 88.15789473684211, "percent_covered_display": "88", "missing_lines": 9, "excluded_lines": 0, "percent_statements_covered": 88.15789473684211, "percent_statements_covered_display": "88"}, "missing_lines": [84, 86, 90, 92, 94, 133, 134, 135, 136], "excluded_lines": [], "start_line": 52}, "get_mapping": {"executed_lines": [235, 236, 237, 238, 239], "summary": {"covered_lines": 5, "num_statements": 5, "percent_covered": 100.0, "percent_covered_display": "100", "missing_lines": 0, "excluded_lines": 0, "percent_statements_covered": 100.0, "percent_statements_covered_display": "100"}, "missing_lines": [], "excluded_lines": [], "start_line": 230}, "delete_mapping": {"executed_lines": [245, 246, 247, 248, 249], "summary": {"covered_lines": 5, "num_statements": 5, "percent_covered": 100.0, "percent_covered_display": "100", "missing_lines": 0, "excluded_lines": 0, "percent_statements_covered": 100.0, "percent_statements_covered_display": "100"}, "missing_lines": [], "excluded_lines": [], "start_line": 243}, "delete_document": {"executed_lines": [], "summary": {"covered_lines": 0, "num_statements": 7, "percent_covered": 0.0, "percent_covered_display": "0", "missing_lines": 7, "excluded_lines": 0, "percent_statements_covered": 0.0, "percent_statements_covered_display": "0"}, "missing_lines": [260, 261, 262, 263, 264, 265, 268], "excluded_lines": [], "start_line": 253}, "get_audit": {"executed_lines": [282, 283, 284, 285, 288], "summary": {"covered_lines": 5, "num_statements": 5, "percent_covered": 100.0, "percent_covered_display": "100", "missing_lines": 0, "excluded_lines": 0, "percent_statements_covered": 100.0, "percent_statements_covered_display": "100"}, "missing_lines": [], "excluded_lines": [], "start_line": 277}, "": {"executed_lines": [13, 15, 17, 18, 28, 29, 30, 31, 32, 34, 37, 38, 51, 52, 229, 230, 242, 243, 252, 253, 276, 277], "summary": {"covered_lines": 22, "num_statements": 22, "percent_covered": 100.0, "percent_covered_display": "100", "missing_lines": 0, "excluded_lines": 0, "percent_statements_covered": 100.0, "percent_statements_covered_display": "100"}, "missing_lines": [], "excluded_lines": [], "start_line": 1}}, "classes": {"": {"executed_lines": [13, 15, 17, 18, 28, 29, 30, 31, 32, 34, 37, 38, 40, 42, 43, 51, 52, 61, 62, 63, 66, 81, 82, 83, 85, 87, 88, 89, 91, 93, 97, 98, 99, 100, 101, 102, 104, 105, 106, 107, 108, 111, 112, 113, 114, 117, 118, 119, 120, 123, 124, 125, 128, 129, 132, 138, 141, 142, 143, 146, 147, 148, 151, 152, 154, 157, 158, 159, 162, 163, 164, 167, 168, 176, 189, 197, 198, 199, 200, 209, 210, 211, 212, 226, 229, 230, 235, 236, 237, 238, 239, 242, 243, 245, 246, 247, 248, 249, 252, 253, 276, 277, 282, 283, 284, 285, 288], "summary": {"covered_lines": 107, "num_statements": 123, "percent_covered": 86.99186991869918, "percent_covered_display": "87", "missing_lines": 16, "excluded_lines": 0, "percent_statements_covered": 86.99186991869918, "percent_statements_covered_display": "87"}, "missing_lines": [84, 86, 90, 92, 94, 133, 134, 135, 136, 260, 261, 262, 263, 264, 265, 268], "excluded_lines": [], "start_line": 1}}}, "anomyze/audit/__init__.py": {"executed_lines": [3, 5], "summary": {"covered_lines": 2, "num_statements": 2, "percent_covered": 100.0, "percent_covered_display": "100", "missing_lines": 0, "excluded_lines": 0, "percent_statements_covered": 100.0, "percent_statements_covered_display": "100"}, "missing_lines": [], "excluded_lines": [], "functions": {"": {"executed_lines": [3, 5], "summary": {"covered_lines": 2, "num_statements": 2, "percent_covered": 100.0, "percent_covered_display": "100", "missing_lines": 0, "excluded_lines": 0, "percent_statements_covered": 100.0, "percent_statements_covered_display": "100"}, "missing_lines": [], "excluded_lines": [], "start_line": 1}}, "classes": {"": {"executed_lines": [3, 5], "summary": {"covered_lines": 2, "num_statements": 2, "percent_covered": 100.0, "percent_covered_display": "100", "missing_lines": 0, "excluded_lines": 0, "percent_statements_covered": 100.0, "percent_statements_covered_display": "100"}, "missing_lines": [], "excluded_lines": [], "start_line": 1}}}, "anomyze/audit/logger.py": {"executed_lines": [13, 14, 15, 16, 17, 18, 19, 21, 24, 25, 40, 41, 42, 45, 46, 72, 73, 75, 104, 111, 116, 117, 118, 121, 131, 140, 146, 147, 149, 158, 160, 174, 193, 217, 219, 235, 237, 238, 239, 240, 241, 242, 244, 253, 254, 256, 257, 259, 260, 261, 263, 264, 265, 269, 271, 273, 274, 275, 276, 277, 278, 279, 281, 282, 283, 284], "summary": {"covered_lines": 66, "num_statements": 110, "percent_covered": 60.0, "percent_covered_display": "60", "missing_lines": 44, "excluded_lines": 0, "percent_statements_covered": 60.0, "percent_statements_covered_display": "60"}, "missing_lines": [85, 95, 96, 97, 98, 99, 100, 101, 122, 123, 124, 125, 126, 127, 128, 129, 137, 138, 169, 170, 171, 172, 186, 187, 205, 206, 207, 209, 210, 211, 212, 213, 214, 215, 220, 221, 223, 224, 228, 229, 266, 267, 268, 270], "excluded_lines": [], "functions": {"AuditEntry.to_dict": {"executed_lines": [], "summary": {"covered_lines": 0, "num_statements": 8, "percent_covered": 0.0, "percent_covered_display": "0", "missing_lines": 8, "excluded_lines": 0, "percent_statements_covered": 0.0, "percent_statements_covered_display": "0"}, "missing_lines": [85, 95, 96, 97, 98, 99, 100, 101], "excluded_lines": [], "start_line": 75}, "AuditLogger.__init__": {"executed_lines": [116, 117, 118, 121], "summary": {"covered_lines": 4, "num_statements": 12, "percent_covered": 33.333333333333336, "percent_covered_display": "33", "missing_lines": 8, "excluded_lines": 0, "percent_statements_covered": 33.333333333333336, "percent_statements_covered_display": "33"}, "missing_lines": [122, 123, 124, 125, 126, 127, 128, 129], "excluded_lines": [], "start_line": 111}, "AuditLogger.log": {"executed_lines": [], "summary": {"covered_lines": 0, "num_statements": 2, "percent_covered": 0.0, "percent_covered_display": "0", "missing_lines": 2, "excluded_lines": 0, "percent_statements_covered": 0.0, "percent_statements_covered_display": "0"}, "missing_lines": [137, 138], "excluded_lines": [], "start_line": 131}, "AuditLogger.log_batch": {"executed_lines": [146, 147], "summary": {"covered_lines": 2, "num_statements": 2, "percent_covered": 100.0, "percent_covered_display": "100", "missing_lines": 0, "excluded_lines": 0, "percent_statements_covered": 100.0, "percent_statements_covered_display": "100"}, "missing_lines": [], "excluded_lines": [], "start_line": 140}, "AuditLogger.get_entries": {"executed_lines": [158], "summary": {"covered_lines": 1, "num_statements": 1, "percent_covered": 100.0, "percent_covered_display": "100", "missing_lines": 0, "excluded_lines": 0, "percent_statements_covered": 100.0, "percent_statements_covered_display": "100"}, "missing_lines": [], "excluded_lines": [], "start_line": 149}, "AuditLogger.get_flagged": {"executed_lines": [], "summary": {"covered_lines": 0, "num_statements": 4, "percent_covered": 0.0, "percent_covered_display": "0", "missing_lines": 4, "excluded_lines": 0, "percent_statements_covered": 0.0, "percent_statements_covered_display": "0"}, "missing_lines": [169, 170, 171, 172], "excluded_lines": [], "start_line": 160}, "AuditLogger.export_json": {"executed_lines": [], "summary": {"covered_lines": 0, "num_statements": 2, "percent_covered": 0.0, "percent_covered_display": "0", "missing_lines": 2, "excluded_lines": 0, "percent_statements_covered": 0.0, "percent_statements_covered_display": "0"}, "missing_lines": [186, 187], "excluded_lines": [], "start_line": 174}, "AuditLogger.export_csv": {"executed_lines": [], "summary": {"covered_lines": 0, "num_statements": 10, "percent_covered": 0.0, "percent_covered_display": "0", "missing_lines": 10, "excluded_lines": 0, "percent_statements_covered": 0.0, "percent_statements_covered_display": "0"}, "missing_lines": [205, 206, 207, 209, 210, 211, 212, 213, 214, 215], "excluded_lines": [], "start_line": 193}, "AuditLogger._persist": {"executed_lines": [219], "summary": {"covered_lines": 1, "num_statements": 7, "percent_covered": 14.285714285714286, "percent_covered_display": "14", "missing_lines": 6, "excluded_lines": 0, "percent_statements_covered": 14.285714285714286, "percent_statements_covered_display": "14"}, "missing_lines": [220, 221, 223, 224, 228, 229], "excluded_lines": [], "start_line": 217}, "AuditLogger.forget": {"executed_lines": [237, 238, 239, 240, 241, 242], "summary": {"covered_lines": 6, "num_statements": 6, "percent_covered": 100.0, "percent_covered_display": "100", "missing_lines": 0, "excluded_lines": 0, "percent_statements_covered": 100.0, "percent_statements_covered_display": "100"}, "missing_lines": [], "excluded_lines": [], "start_line": 235}, "AuditLogger.enforce_retention": {"executed_lines": [253, 254, 256, 257, 259, 260, 261, 263, 264, 265, 269, 271, 273, 274, 275, 276, 277, 278, 279, 281, 282, 283, 284], "summary": {"covered_lines": 23, "num_statements": 27, "percent_covered": 85.18518518518519, "percent_covered_display": "85", "missing_lines": 4, "excluded_lines": 0, "percent_statements_covered": 85.18518518518519, "percent_statements_covered_display": "85"}, "missing_lines": [266, 267, 268, 270], "excluded_lines": [], "start_line": 244}, "": {"executed_lines": [13, 14, 15, 16, 17, 18, 19, 21, 24, 25, 40, 41, 42, 45, 46, 72, 73, 75, 104, 111, 131, 140, 149, 160, 174, 193, 217, 235, 244], "summary": {"covered_lines": 29, "num_statements": 29, "percent_covered": 100.0, "percent_covered_display": "100", "missing_lines": 0, "excluded_lines": 0, "percent_statements_covered": 100.0, "percent_statements_covered_display": "100"}, "missing_lines": [], "excluded_lines": [], "start_line": 1}}, "classes": {"RetentionPolicy": {"executed_lines": [], "summary": {"covered_lines": 0, "num_statements": 0, "percent_covered": 100.0, "percent_covered_display": "100", "missing_lines": 0, "excluded_lines": 0, "percent_statements_covered": 100.0, "percent_statements_covered_display": "100"}, "missing_lines": [], "excluded_lines": [], "start_line": 25}, "AuditEntry": {"executed_lines": [], "summary": {"covered_lines": 0, "num_statements": 8, "percent_covered": 0.0, "percent_covered_display": "0", "missing_lines": 8, "excluded_lines": 0, "percent_statements_covered": 0.0, "percent_statements_covered_display": "0"}, "missing_lines": [85, 95, 96, 97, 98, 99, 100, 101], "excluded_lines": [], "start_line": 46}, "AuditLogger": {"executed_lines": [116, 117, 118, 121, 146, 147, 158, 219, 237, 238, 239, 240, 241, 242, 253, 254, 256, 257, 259, 260, 261, 263, 264, 265, 269, 271, 273, 274, 275, 276, 277, 278, 279, 281, 282, 283, 284], "summary": {"covered_lines": 37, "num_statements": 73, "percent_covered": 50.68493150684932, "percent_covered_display": "51", "missing_lines": 36, "excluded_lines": 0, "percent_statements_covered": 50.68493150684932, "percent_statements_covered_display": "51"}, "missing_lines": [122, 123, 124, 125, 126, 127, 128, 129, 137, 138, 169, 170, 171, 172, 186, 187, 205, 206, 207, 209, 210, 211, 212, 213, 214, 215, 220, 221, 223, 224, 228, 229, 266, 267, 268, 270], "excluded_lines": [], "start_line": 104}, "": {"executed_lines": [13, 14, 15, 16, 17, 18, 19, 21, 24, 25, 40, 41, 42, 45, 46, 72, 73, 75, 104, 111, 131, 140, 149, 160, 174, 193, 217, 235, 244], "summary": {"covered_lines": 29, "num_statements": 29, "percent_covered": 100.0, "percent_covered_display": "100", "missing_lines": 0, "excluded_lines": 0, "percent_statements_covered": 100.0, "percent_statements_covered_display": "100"}, "missing_lines": [], "excluded_lines": [], "start_line": 1}}}, "anomyze/benchmark/__init__.py": {"executed_lines": [9, 10, 11, 16, 18], "summary": {"covered_lines": 5, "num_statements": 5, "percent_covered": 100.0, "percent_covered_display": "100", "missing_lines": 0, "excluded_lines": 0, "percent_statements_covered": 100.0, "percent_statements_covered_display": "100"}, "missing_lines": [], "excluded_lines": [], "functions": {"": {"executed_lines": [9, 10, 11, 16, 18], "summary": {"covered_lines": 5, "num_statements": 5, "percent_covered": 100.0, "percent_covered_display": "100", "missing_lines": 0, "excluded_lines": 0, "percent_statements_covered": 100.0, "percent_statements_covered_display": "100"}, "missing_lines": [], "excluded_lines": [], "start_line": 1}}, "classes": {"": {"executed_lines": [9, 10, 11, 16, 18], "summary": {"covered_lines": 5, "num_statements": 5, "percent_covered": 100.0, "percent_covered_display": "100", "missing_lines": 0, "excluded_lines": 0, "percent_statements_covered": 100.0, "percent_statements_covered_display": "100"}, "missing_lines": [], "excluded_lines": [], "start_line": 1}}}, "anomyze/benchmark/__main__.py": {"executed_lines": [], "summary": {"covered_lines": 0, "num_statements": 54, "percent_covered": 0.0, "percent_covered_display": "0", "missing_lines": 54, "excluded_lines": 0, "percent_statements_covered": 0.0, "percent_statements_covered_display": "0"}, "missing_lines": [11, 12, 13, 15, 16, 17, 18, 19, 22, 23, 28, 29, 34, 40, 46, 51, 56, 61, 66, 71, 74, 75, 76, 77, 78, 79, 80, 81, 82, 83, 86, 87, 88, 90, 91, 92, 93, 94, 95, 96, 97, 99, 100, 101, 103, 104, 106, 107, 109, 111, 112, 113, 116, 117], "excluded_lines": [], "functions": {"_build_parser": {"executed_lines": [], "summary": {"covered_lines": 0, "num_statements": 11, "percent_covered": 0.0, "percent_covered_display": "0", "missing_lines": 11, "excluded_lines": 0, "percent_statements_covered": 0.0, "percent_statements_covered_display": "0"}, "missing_lines": [23, 28, 29, 34, 40, 46, 51, 56, 61, 66, 71], "excluded_lines": [], "start_line": 22}, "_build_settings": {"executed_lines": [], "summary": {"covered_lines": 0, "num_statements": 9, "percent_covered": 0.0, "percent_covered_display": "0", "missing_lines": 9, "excluded_lines": 0, "percent_statements_covered": 0.0, "percent_statements_covered_display": "0"}, "missing_lines": [75, 76, 77, 78, 79, 80, 81, 82, 83], "excluded_lines": [], "start_line": 74}, "main": {"executed_lines": [], "summary": {"covered_lines": 0, "num_statements": 21, "percent_covered": 0.0, "percent_covered_display": "0", "missing_lines": 21, "excluded_lines": 0, "percent_statements_covered": 0.0, "percent_statements_covered_display": "0"}, "missing_lines": [87, 88, 90, 91, 92, 93, 94, 95, 96, 97, 99, 100, 101, 103, 104, 106, 107, 109, 111, 112, 113], "excluded_lines": [], "start_line": 86}, "": {"executed_lines": [], "summary": {"covered_lines": 0, "num_statements": 13, "percent_covered": 0.0, "percent_covered_display": "0", "missing_lines": 13, "excluded_lines": 0, "percent_statements_covered": 0.0, "percent_statements_covered_display": "0"}, "missing_lines": [11, 12, 13, 15, 16, 17, 18, 19, 22, 74, 86, 116, 117], "excluded_lines": [], "start_line": 1}}, "classes": {"": {"executed_lines": [], "summary": {"covered_lines": 0, "num_statements": 54, "percent_covered": 0.0, "percent_covered_display": "0", "missing_lines": 54, "excluded_lines": 0, "percent_statements_covered": 0.0, "percent_statements_covered_display": "0"}, "missing_lines": [11, 12, 13, 15, 16, 17, 18, 19, 22, 23, 28, 29, 34, 40, 46, 51, 56, 61, 66, 71, 74, 75, 76, 77, 78, 79, 80, 81, 82, 83, 86, 87, 88, 90, 91, 92, 93, 94, 95, 96, 97, 99, 100, 101, 103, 104, 106, 107, 109, 111, 112, 113, 116, 117], "excluded_lines": [], "start_line": 1}}}, "anomyze/benchmark/evaluator.py": {"executed_lines": [8, 9, 11, 12, 13, 16, 21, 30, 36, 37, 38, 40, 42, 43, 44, 45, 46], "summary": {"covered_lines": 17, "num_statements": 17, "percent_covered": 100.0, "percent_covered_display": "100", "missing_lines": 0, "excluded_lines": 4, "percent_statements_covered": 100.0, "percent_statements_covered_display": "100"}, "missing_lines": [], "excluded_lines": [17, 18, 19, 20], "functions": {"_Detector.detect": {"executed_lines": [], "summary": {"covered_lines": 0, "num_statements": 0, "percent_covered": 100.0, "percent_covered_display": "100", "missing_lines": 0, "excluded_lines": 1, "percent_statements_covered": 100.0, "percent_statements_covered_display": "100"}, "missing_lines": [], "excluded_lines": [18], "start_line": 17}, "Evaluator.__init__": {"executed_lines": [36, 37, 38], "summary": {"covered_lines": 3, "num_statements": 3, "percent_covered": 100.0, "percent_covered_display": "100", "missing_lines": 0, "excluded_lines": 0, "percent_statements_covered": 100.0, "percent_statements_covered_display": "100"}, "missing_lines": [], "excluded_lines": [], "start_line": 30}, "Evaluator.run": {"executed_lines": [42, 43, 44, 45, 46], "summary": {"covered_lines": 5, "num_statements": 5, "percent_covered": 100.0, "percent_covered_display": "100", "missing_lines": 0, "excluded_lines": 0, "percent_statements_covered": 100.0, "percent_statements_covered_display": "100"}, "missing_lines": [], "excluded_lines": [], "start_line": 40}, "": {"executed_lines": [8, 9, 11, 12, 13, 16, 21, 30, 40], "summary": {"covered_lines": 9, "num_statements": 9, "percent_covered": 100.0, "percent_covered_display": "100", "missing_lines": 0, "excluded_lines": 3, "percent_statements_covered": 100.0, "percent_statements_covered_display": "100"}, "missing_lines": [], "excluded_lines": [17, 19, 20], "start_line": 1}}, "classes": {"_Detector": {"executed_lines": [], "summary": {"covered_lines": 0, "num_statements": 0, "percent_covered": 100.0, "percent_covered_display": "100", "missing_lines": 0, "excluded_lines": 1, "percent_statements_covered": 100.0, "percent_statements_covered_display": "100"}, "missing_lines": [], "excluded_lines": [18], "start_line": 16}, "Evaluator": {"executed_lines": [36, 37, 38, 42, 43, 44, 45, 46], "summary": {"covered_lines": 8, "num_statements": 8, "percent_covered": 100.0, "percent_covered_display": "100", "missing_lines": 0, "excluded_lines": 0, "percent_statements_covered": 100.0, "percent_statements_covered_display": "100"}, "missing_lines": [], "excluded_lines": [], "start_line": 21}, "": {"executed_lines": [8, 9, 11, 12, 13, 16, 21, 30, 40], "summary": {"covered_lines": 9, "num_statements": 9, "percent_covered": 100.0, "percent_covered_display": "100", "missing_lines": 0, "excluded_lines": 3, "percent_statements_covered": 100.0, "percent_statements_covered_display": "100"}, "missing_lines": [], "excluded_lines": [17, 19, 20], "start_line": 1}}}, "anomyze/benchmark/generators/__init__.py": {"executed_lines": [], "summary": {"covered_lines": 0, "num_statements": 0, "percent_covered": 100.0, "percent_covered_display": "100", "missing_lines": 0, "excluded_lines": 0, "percent_statements_covered": 100.0, "percent_statements_covered_display": "100"}, "missing_lines": [], "excluded_lines": [], "functions": {"": {"executed_lines": [], "summary": {"covered_lines": 0, "num_statements": 0, "percent_covered": 100.0, "percent_covered_display": "100", "missing_lines": 0, "excluded_lines": 0, "percent_statements_covered": 100.0, "percent_statements_covered_display": "100"}, "missing_lines": [], "excluded_lines": [], "start_line": 1}}, "classes": {"": {"executed_lines": [], "summary": {"covered_lines": 0, "num_statements": 0, "percent_covered": 100.0, "percent_covered_display": "100", "missing_lines": 0, "excluded_lines": 0, "percent_statements_covered": 100.0, "percent_statements_covered_display": "100"}, "missing_lines": [], "excluded_lines": [], "start_line": 1}}}, "anomyze/benchmark/generators/at.py": {"executed_lines": [26, 28, 29, 30, 31, 32, 34, 35, 36, 38, 42, 44, 51, 58, 60, 61, 62, 63, 64, 65, 66, 67, 68, 71, 73, 74, 75, 76, 77, 84, 86, 87, 88, 89, 90, 93, 94, 95, 96, 97, 100, 101, 102, 103, 106, 107, 108, 109, 110, 113, 114, 115, 116, 117, 118, 121, 122, 123, 124, 125, 127, 128, 131, 133, 134, 135, 136, 137, 139, 140, 141, 144, 145, 146, 147, 148, 149, 150, 151, 156, 164, 165, 166, 167, 168, 169, 170, 174, 181, 182, 183, 184, 185, 186, 187, 191, 198, 199, 200, 201, 202, 203, 204, 205, 206, 210, 218, 221, 223, 224, 225, 226, 227, 228, 231], "summary": {"covered_lines": 115, "num_statements": 126, "percent_covered": 91.26984126984127, "percent_covered_display": "91", "missing_lines": 11, "excluded_lines": 2, "percent_statements_covered": 91.26984126984127, "percent_statements_covered_display": "91"}, "missing_lines": [81, 138, 232, 235, 237, 239, 241, 243, 244, 245, 246], "excluded_lines": [249, 250], "functions": {"_random_svnr": {"executed_lines": [60, 61, 62, 63, 64, 65, 66, 67, 68], "summary": {"covered_lines": 9, "num_statements": 9, "percent_covered": 100.0, "percent_covered_display": "100", "missing_lines": 0, "excluded_lines": 0, "percent_statements_covered": 100.0, "percent_statements_covered_display": "100"}, "missing_lines": [], "excluded_lines": [], "start_line": 58}, "_random_iban": {"executed_lines": [73, 74, 75, 76, 77], "summary": {"covered_lines": 5, "num_statements": 6, "percent_covered": 83.33333333333333, "percent_covered_display": "83", "missing_lines": 1, "excluded_lines": 0, "percent_statements_covered": 83.33333333333333, "percent_statements_covered_display": "83"}, "missing_lines": [81], "excluded_lines": [], "start_line": 71}, "_random_uid": {"executed_lines": [86, 87, 88, 89, 90], "summary": {"covered_lines": 5, "num_statements": 5, "percent_covered": 100.0, "percent_covered_display": "100", "missing_lines": 0, "excluded_lines": 0, "percent_statements_covered": 100.0, "percent_statements_covered_display": "100"}, "missing_lines": [], "excluded_lines": [], "start_line": 84}, "_random_kfz": {"executed_lines": [94, 95, 96, 97], "summary": {"covered_lines": 4, "num_statements": 4, "percent_covered": 100.0, "percent_covered_display": "100", "missing_lines": 0, "excluded_lines": 0, "percent_statements_covered": 100.0, "percent_statements_covered_display": "100"}, "missing_lines": [], "excluded_lines": [], "start_line": 93}, "_random_name": {"executed_lines": [101, 102, 103], "summary": {"covered_lines": 3, "num_statements": 3, "percent_covered": 100.0, "percent_covered_display": "100", "missing_lines": 0, "excluded_lines": 0, "percent_statements_covered": 100.0, "percent_statements_covered_display": "100"}, "missing_lines": [], "excluded_lines": [], "start_line": 100}, "_random_address": {"executed_lines": [107, 108, 109, 110], "summary": {"covered_lines": 4, "num_statements": 4, "percent_covered": 100.0, "percent_covered_display": "100", "missing_lines": 0, "excluded_lines": 0, "percent_statements_covered": 100.0, "percent_statements_covered_display": "100"}, "missing_lines": [], "excluded_lines": [], "start_line": 106}, "_random_gz": {"executed_lines": [114, 115, 116, 117, 118], "summary": {"covered_lines": 5, "num_statements": 5, "percent_covered": 100.0, "percent_covered_display": "100", "missing_lines": 0, "excluded_lines": 0, "percent_statements_covered": 100.0, "percent_statements_covered_display": "100"}, "missing_lines": [], "excluded_lines": [], "start_line": 113}, "_Sample.to_dict": {"executed_lines": [128], "summary": {"covered_lines": 1, "num_statements": 1, "percent_covered": 100.0, "percent_covered_display": "100", "missing_lines": 0, "excluded_lines": 0, "percent_statements_covered": 100.0, "percent_statements_covered_display": "100"}, "missing_lines": [], "excluded_lines": [], "start_line": 127}, "_emit": {"executed_lines": [133, 134, 135, 136, 137, 139, 140, 141], "summary": {"covered_lines": 8, "num_statements": 9, "percent_covered": 88.88888888888889, "percent_covered_display": "89", "missing_lines": 1, "excluded_lines": 0, "percent_statements_covered": 88.88888888888889, "percent_statements_covered_display": "89"}, "missing_lines": [138], "excluded_lines": [], "start_line": 131}, "_tmpl_bescheid": {"executed_lines": [145, 146, 147, 148, 149, 150, 151, 156], "summary": {"covered_lines": 8, "num_statements": 8, "percent_covered": 100.0, "percent_covered_display": "100", "missing_lines": 0, "excluded_lines": 0, "percent_statements_covered": 100.0, "percent_statements_covered_display": "100"}, "missing_lines": [], "excluded_lines": [], "start_line": 144}, "_tmpl_ladung": {"executed_lines": [165, 166, 167, 168, 169, 170, 174], "summary": {"covered_lines": 7, "num_statements": 7, "percent_covered": 100.0, "percent_covered_display": "100", "missing_lines": 0, "excluded_lines": 0, "percent_statements_covered": 100.0, "percent_statements_covered_display": "100"}, "missing_lines": [], "excluded_lines": [], "start_line": 164}, "_tmpl_rechnung": {"executed_lines": [182, 183, 184, 185, 186, 187, 191], "summary": {"covered_lines": 7, "num_statements": 7, "percent_covered": 100.0, "percent_covered_display": "100", "missing_lines": 0, "excluded_lines": 0, "percent_statements_covered": 100.0, "percent_statements_covered_display": "100"}, "missing_lines": [], "excluded_lines": [], "start_line": 181}, "_tmpl_protokoll": {"executed_lines": [199, 200, 201, 202, 203, 204, 205, 206, 210], "summary": {"covered_lines": 9, "num_statements": 9, "percent_covered": 100.0, "percent_covered_display": "100", "missing_lines": 0, "excluded_lines": 0, "percent_statements_covered": 100.0, "percent_statements_covered_display": "100"}, "missing_lines": [], "excluded_lines": [], "start_line": 198}, "generate": {"executed_lines": [223, 224, 225, 226, 227, 228], "summary": {"covered_lines": 6, "num_statements": 6, "percent_covered": 100.0, "percent_covered_display": "100", "missing_lines": 0, "excluded_lines": 0, "percent_statements_covered": 100.0, "percent_statements_covered_display": "100"}, "missing_lines": [], "excluded_lines": [], "start_line": 221}, "main": {"executed_lines": [], "summary": {"covered_lines": 0, "num_statements": 9, "percent_covered": 0.0, "percent_covered_display": "0", "missing_lines": 9, "excluded_lines": 0, "percent_statements_covered": 0.0, "percent_statements_covered_display": "0"}, "missing_lines": [232, 235, 237, 239, 241, 243, 244, 245, 246], "excluded_lines": [], "start_line": 231}, "": {"executed_lines": [26, 28, 29, 30, 31, 32, 34, 35, 36, 38, 42, 44, 51, 58, 71, 84, 93, 100, 106, 113, 121, 122, 123, 124, 125, 127, 131, 144, 164, 181, 198, 218, 221, 231], "summary": {"covered_lines": 34, "num_statements": 34, "percent_covered": 100.0, "percent_covered_display": "100", "missing_lines": 0, "excluded_lines": 2, "percent_statements_covered": 100.0, "percent_statements_covered_display": "100"}, "missing_lines": [], "excluded_lines": [249, 250], "start_line": 1}}, "classes": {"_Sample": {"executed_lines": [128], "summary": {"covered_lines": 1, "num_statements": 1, "percent_covered": 100.0, "percent_covered_display": "100", "missing_lines": 0, "excluded_lines": 0, "percent_statements_covered": 100.0, "percent_statements_covered_display": "100"}, "missing_lines": [], "excluded_lines": [], "start_line": 122}, "": {"executed_lines": [26, 28, 29, 30, 31, 32, 34, 35, 36, 38, 42, 44, 51, 58, 60, 61, 62, 63, 64, 65, 66, 67, 68, 71, 73, 74, 75, 76, 77, 84, 86, 87, 88, 89, 90, 93, 94, 95, 96, 97, 100, 101, 102, 103, 106, 107, 108, 109, 110, 113, 114, 115, 116, 117, 118, 121, 122, 123, 124, 125, 127, 131, 133, 134, 135, 136, 137, 139, 140, 141, 144, 145, 146, 147, 148, 149, 150, 151, 156, 164, 165, 166, 167, 168, 169, 170, 174, 181, 182, 183, 184, 185, 186, 187, 191, 198, 199, 200, 201, 202, 203, 204, 205, 206, 210, 218, 221, 223, 224, 225, 226, 227, 228, 231], "summary": {"covered_lines": 114, "num_statements": 125, "percent_covered": 91.2, "percent_covered_display": "91", "missing_lines": 11, "excluded_lines": 2, "percent_statements_covered": 91.2, "percent_statements_covered_display": "91"}, "missing_lines": [81, 138, 232, 235, 237, 239, 241, 243, 244, 245, 246], "excluded_lines": [249, 250], "start_line": 1}}}, "anomyze/benchmark/loader.py": {"executed_lines": [8, 9, 10, 13, 14, 28, 29, 43, 47, 48, 53, 54, 59, 60, 61, 63, 67, 68, 71, 72, 77, 80, 81, 86, 87, 88, 90, 91, 92, 94, 96, 98, 103, 104, 107, 120, 121, 122, 124, 125, 129], "summary": {"covered_lines": 41, "num_statements": 48, "percent_covered": 85.41666666666667, "percent_covered_display": "85", "missing_lines": 7, "excluded_lines": 0, "percent_statements_covered": 85.41666666666667, "percent_statements_covered_display": "85"}, "missing_lines": [49, 55, 64, 82, 95, 97, 99], "excluded_lines": [], "functions": {"_validate_entity": {"executed_lines": [48, 53, 54, 59, 60, 61, 63, 67, 68, 71, 72, 77], "summary": {"covered_lines": 12, "num_statements": 15, "percent_covered": 80.0, "percent_covered_display": "80", "missing_lines": 3, "excluded_lines": 0, "percent_statements_covered": 80.0, "percent_statements_covered_display": "80"}, "missing_lines": [49, 55, 64], "excluded_lines": [], "start_line": 47}, "_validate_sample": {"executed_lines": [81, 86, 87, 88, 90, 91, 92, 94, 96, 98, 103, 104], "summary": {"covered_lines": 12, "num_statements": 16, "percent_covered": 75.0, "percent_covered_display": "75", "missing_lines": 4, "excluded_lines": 0, "percent_statements_covered": 75.0, "percent_statements_covered_display": "75"}, "missing_lines": [82, 95, 97, 99], "excluded_lines": [], "start_line": 80}, "load_dataset": {"executed_lines": [120, 121, 122, 124, 125, 129], "summary": {"covered_lines": 6, "num_statements": 6, "percent_covered": 100.0, "percent_covered_display": "100", "missing_lines": 0, "excluded_lines": 0, "percent_statements_covered": 100.0, "percent_statements_covered_display": "100"}, "missing_lines": [], "excluded_lines": [], "start_line": 107}, "": {"executed_lines": [8, 9, 10, 13, 14, 28, 29, 43, 47, 80, 107], "summary": {"covered_lines": 11, "num_statements": 11, "percent_covered": 100.0, "percent_covered_display": "100", "missing_lines": 0, "excluded_lines": 0, "percent_statements_covered": 100.0, "percent_statements_covered_display": "100"}, "missing_lines": [], "excluded_lines": [], "start_line": 1}}, "classes": {"GroundTruthEntity": {"executed_lines": [], "summary": {"covered_lines": 0, "num_statements": 0, "percent_covered": 100.0, "percent_covered_display": "100", "missing_lines": 0, "excluded_lines": 0, "percent_statements_covered": 100.0, "percent_statements_covered_display": "100"}, "missing_lines": [], "excluded_lines": [], "start_line": 14}, "Sample": {"executed_lines": [], "summary": {"covered_lines": 0, "num_statements": 0, "percent_covered": 100.0, "percent_covered_display": "100", "missing_lines": 0, "excluded_lines": 0, "percent_statements_covered": 100.0, "percent_statements_covered_display": "100"}, "missing_lines": [], "excluded_lines": [], "start_line": 29}, "DatasetLoadError": {"executed_lines": [], "summary": {"covered_lines": 0, "num_statements": 0, "percent_covered": 100.0, "percent_covered_display": "100", "missing_lines": 0, "excluded_lines": 0, "percent_statements_covered": 100.0, "percent_statements_covered_display": "100"}, "missing_lines": [], "excluded_lines": [], "start_line": 43}, "": {"executed_lines": [8, 9, 10, 13, 14, 28, 29, 43, 47, 48, 53, 54, 59, 60, 61, 63, 67, 68, 71, 72, 77, 80, 81, 86, 87, 88, 90, 91, 92, 94, 96, 98, 103, 104, 107, 120, 121, 122, 124, 125, 129], "summary": {"covered_lines": 41, "num_statements": 48, "percent_covered": 85.41666666666667, "percent_covered_display": "85", "missing_lines": 7, "excluded_lines": 0, "percent_statements_covered": 85.41666666666667, "percent_statements_covered_display": "85"}, "missing_lines": [49, 55, 64, 82, 95, 97, 99], "excluded_lines": [], "start_line": 1}}}, "anomyze/benchmark/metrics.py": {"executed_lines": [10, 11, 13, 14, 17, 18, 30, 31, 32, 33, 34, 35, 37, 39, 40, 41, 42, 45, 46, 56, 57, 58, 59, 62, 64, 65, 66, 67, 68, 71, 78, 79, 82, 88, 89, 90, 91, 92, 93, 94, 95, 97, 99, 100, 101, 103, 104, 105, 106, 107, 108, 110, 111, 112, 115, 118, 119, 120, 121, 122, 125, 147, 149, 150, 155, 156, 158, 159, 162, 166, 167, 168, 169, 171, 172, 173, 174, 176, 179, 185, 189, 190, 191, 193, 194, 195, 197, 198, 199, 202, 210, 211, 212, 214, 215, 216, 219, 220, 221, 222], "summary": {"covered_lines": 100, "num_statements": 101, "percent_covered": 99.00990099009901, "percent_covered_display": "99", "missing_lines": 1, "excluded_lines": 0, "percent_statements_covered": 99.00990099009901, "percent_statements_covered_display": "99"}, "missing_lines": [75], "excluded_lines": [], "functions": {"CategoryMetrics.finalize": {"executed_lines": [39, 40, 41, 42], "summary": {"covered_lines": 4, "num_statements": 4, "percent_covered": 100.0, "percent_covered_display": "100", "missing_lines": 0, "excluded_lines": 0, "percent_statements_covered": 100.0, "percent_statements_covered_display": "100"}, "missing_lines": [], "excluded_lines": [], "start_line": 37}, "_iou": {"executed_lines": [64, 65, 66, 67, 68], "summary": {"covered_lines": 5, "num_statements": 5, "percent_covered": 100.0, "percent_covered_display": "100", "missing_lines": 0, "excluded_lines": 0, "percent_statements_covered": 100.0, "percent_statements_covered_display": "100"}, "missing_lines": [], "excluded_lines": [], "start_line": 62}, "_spans_overlap": {"executed_lines": [], "summary": {"covered_lines": 0, "num_statements": 1, "percent_covered": 0.0, "percent_covered_display": "0", "missing_lines": 1, "excluded_lines": 0, "percent_statements_covered": 0.0, "percent_statements_covered_display": "0"}, "missing_lines": [75], "excluded_lines": [], "start_line": 71}, "_layer_of": {"executed_lines": [79], "summary": {"covered_lines": 1, "num_statements": 1, "percent_covered": 100.0, "percent_covered_display": "100", "missing_lines": 0, "excluded_lines": 0, "percent_statements_covered": 100.0, "percent_statements_covered_display": "100"}, "missing_lines": [], "excluded_lines": [], "start_line": 78}, "_match_pairs": {"executed_lines": [88, 89, 90, 91, 92, 93, 94, 95, 97, 99, 100, 101, 103, 104, 105, 106, 107, 108, 110, 111, 112], "summary": {"covered_lines": 21, "num_statements": 21, "percent_covered": 100.0, "percent_covered_display": "100", "missing_lines": 0, "excluded_lines": 0, "percent_statements_covered": 100.0, "percent_statements_covered_display": "100"}, "missing_lines": [], "excluded_lines": [], "start_line": 82}, "_collect_all_layers": {"executed_lines": [118, 119, 120, 121, 122], "summary": {"covered_lines": 5, "num_statements": 5, "percent_covered": 100.0, "percent_covered_display": "100", "missing_lines": 0, "excluded_lines": 0, "percent_statements_covered": 100.0, "percent_statements_covered_display": "100"}, "missing_lines": [], "excluded_lines": [], "start_line": 115}, "compute_metrics": {"executed_lines": [147, 149, 150, 155, 156, 158, 159, 162, 166, 167, 168, 169, 171, 172, 173, 174, 176], "summary": {"covered_lines": 17, "num_statements": 17, "percent_covered": 100.0, "percent_covered_display": "100", "missing_lines": 0, "excluded_lines": 0, "percent_statements_covered": 100.0, "percent_statements_covered_display": "100"}, "missing_lines": [], "excluded_lines": [], "start_line": 125}, "_accumulate_category_counts": {"executed_lines": [185, 189, 190, 191, 193, 194, 195, 197, 198, 199], "summary": {"covered_lines": 10, "num_statements": 10, "percent_covered": 100.0, "percent_covered_display": "100", "missing_lines": 0, "excluded_lines": 0, "percent_statements_covered": 100.0, "percent_statements_covered_display": "100"}, "missing_lines": [], "excluded_lines": [], "start_line": 179}, "_accumulate_layer_counts": {"executed_lines": [210, 211, 212, 214, 215, 216, 219, 220, 221, 222], "summary": {"covered_lines": 10, "num_statements": 10, "percent_covered": 100.0, "percent_covered_display": "100", "missing_lines": 0, "excluded_lines": 0, "percent_statements_covered": 100.0, "percent_statements_covered_display": "100"}, "missing_lines": [], "excluded_lines": [], "start_line": 202}, "": {"executed_lines": [10, 11, 13, 14, 17, 18, 30, 31, 32, 33, 34, 35, 37, 45, 46, 56, 57, 58, 59, 62, 71, 78, 82, 115, 125, 179, 202], "summary": {"covered_lines": 27, "num_statements": 27, "percent_covered": 100.0, "percent_covered_display": "100", "missing_lines": 0, "excluded_lines": 0, "percent_statements_covered": 100.0, "percent_statements_covered_display": "100"}, "missing_lines": [], "excluded_lines": [], "start_line": 1}}, "classes": {"CategoryMetrics": {"executed_lines": [39, 40, 41, 42], "summary": {"covered_lines": 4, "num_statements": 4, "percent_covered": 100.0, "percent_covered_display": "100", "missing_lines": 0, "excluded_lines": 0, "percent_statements_covered": 100.0, "percent_statements_covered_display": "100"}, "missing_lines": [], "excluded_lines": [], "start_line": 18}, "BenchmarkReport": {"executed_lines": [], "summary": {"covered_lines": 0, "num_statements": 0, "percent_covered": 100.0, "percent_covered_display": "100", "missing_lines": 0, "excluded_lines": 0, "percent_statements_covered": 100.0, "percent_statements_covered_display": "100"}, "missing_lines": [], "excluded_lines": [], "start_line": 46}, "": {"executed_lines": [10, 11, 13, 14, 17, 18, 30, 31, 32, 33, 34, 35, 37, 45, 46, 56, 57, 58, 59, 62, 64, 65, 66, 67, 68, 71, 78, 79, 82, 88, 89, 90, 91, 92, 93, 94, 95, 97, 99, 100, 101, 103, 104, 105, 106, 107, 108, 110, 111, 112, 115, 118, 119, 120, 121, 122, 125, 147, 149, 150, 155, 156, 158, 159, 162, 166, 167, 168, 169, 171, 172, 173, 174, 176, 179, 185, 189, 190, 191, 193, 194, 195, 197, 198, 199, 202, 210, 211, 212, 214, 215, 216, 219, 220, 221, 222], "summary": {"covered_lines": 96, "num_statements": 97, "percent_covered": 98.96907216494846, "percent_covered_display": "99", "missing_lines": 1, "excluded_lines": 0, "percent_statements_covered": 98.96907216494846, "percent_statements_covered_display": "99"}, "missing_lines": [75], "excluded_lines": [], "start_line": 1}}}, "anomyze/benchmark/regression_check.py": {"executed_lines": [18, 20, 21, 22, 24, 27, 33, 43, 45, 46, 47, 48, 50, 51, 55, 56, 60, 61, 62, 63, 64, 69, 72], "summary": {"covered_lines": 23, "num_statements": 44, "percent_covered": 52.27272727272727, "percent_covered_display": "52", "missing_lines": 21, "excluded_lines": 2, "percent_statements_covered": 52.27272727272727, "percent_statements_covered_display": "52"}, "missing_lines": [28, 29, 30, 73, 74, 75, 76, 77, 78, 79, 85, 87, 88, 90, 99, 100, 101, 103, 104, 105, 106], "excluded_lines": [109, 110], "functions": {"_load": {"executed_lines": [], "summary": {"covered_lines": 0, "num_statements": 3, "percent_covered": 0.0, "percent_covered_display": "0", "missing_lines": 3, "excluded_lines": 0, "percent_statements_covered": 0.0, "percent_statements_covered_display": "0"}, "missing_lines": [28, 29, 30], "excluded_lines": [], "start_line": 27}, "compare": {"executed_lines": [43, 45, 46, 47, 48, 50, 51, 55, 56, 60, 61, 62, 63, 64, 69], "summary": {"covered_lines": 15, "num_statements": 15, "percent_covered": 100.0, "percent_covered_display": "100", "missing_lines": 0, "excluded_lines": 0, "percent_statements_covered": 100.0, "percent_statements_covered_display": "100"}, "missing_lines": [], "excluded_lines": [], "start_line": 33}, "main": {"executed_lines": [], "summary": {"covered_lines": 0, "num_statements": 18, "percent_covered": 0.0, "percent_covered_display": "0", "missing_lines": 18, "excluded_lines": 0, "percent_statements_covered": 0.0, "percent_statements_covered_display": "0"}, "missing_lines": [73, 74, 75, 76, 77, 78, 79, 85, 87, 88, 90, 99, 100, 101, 103, 104, 105, 106], "excluded_lines": [], "start_line": 72}, "": {"executed_lines": [18, 20, 21, 22, 24, 27, 33, 72], "summary": {"covered_lines": 8, "num_statements": 8, "percent_covered": 100.0, "percent_covered_display": "100", "missing_lines": 0, "excluded_lines": 2, "percent_statements_covered": 100.0, "percent_statements_covered_display": "100"}, "missing_lines": [], "excluded_lines": [109, 110], "start_line": 1}}, "classes": {"": {"executed_lines": [18, 20, 21, 22, 24, 27, 33, 43, 45, 46, 47, 48, 50, 51, 55, 56, 60, 61, 62, 63, 64, 69, 72], "summary": {"covered_lines": 23, "num_statements": 44, "percent_covered": 52.27272727272727, "percent_covered_display": "52", "missing_lines": 21, "excluded_lines": 2, "percent_statements_covered": 52.27272727272727, "percent_statements_covered_display": "52"}, "missing_lines": [28, 29, 30, 73, 74, 75, 76, 77, 78, 79, 85, 87, 88, 90, 99, 100, 101, 103, 104, 105, 106], "excluded_lines": [109, 110], "start_line": 1}}}, "anomyze/benchmark/reporter.py": {"executed_lines": [8, 9, 11, 14, 26, 40, 70], "summary": {"covered_lines": 7, "num_statements": 32, "percent_covered": 21.875, "percent_covered_display": "22", "missing_lines": 25, "excluded_lines": 0, "percent_statements_covered": 21.875, "percent_statements_covered_display": "22"}, "missing_lines": [15, 27, 28, 33, 34, 35, 36, 37, 42, 48, 49, 50, 51, 53, 54, 57, 59, 60, 61, 63, 64, 65, 67, 72, 78], "excluded_lines": [], "functions": {"_row": {"executed_lines": [], "summary": {"covered_lines": 0, "num_statements": 1, "percent_covered": 0.0, "percent_covered_display": "0", "missing_lines": 1, "excluded_lines": 0, "percent_statements_covered": 0.0, "percent_statements_covered_display": "0"}, "missing_lines": [15], "excluded_lines": [], "start_line": 14}, "_table": {"executed_lines": [], "summary": {"covered_lines": 0, "num_statements": 7, "percent_covered": 0.0, "percent_covered_display": "0", "missing_lines": 7, "excluded_lines": 0, "percent_statements_covered": 0.0, "percent_statements_covered_display": "0"}, "missing_lines": [27, 28, 33, 34, 35, 36, 37], "excluded_lines": [], "start_line": 26}, "format_text": {"executed_lines": [], "summary": {"covered_lines": 0, "num_statements": 15, "percent_covered": 0.0, "percent_covered_display": "0", "missing_lines": 15, "excluded_lines": 0, "percent_statements_covered": 0.0, "percent_statements_covered_display": "0"}, "missing_lines": [42, 48, 49, 50, 51, 53, 54, 57, 59, 60, 61, 63, 64, 65, 67], "excluded_lines": [], "start_line": 40}, "format_json": {"executed_lines": [], "summary": {"covered_lines": 0, "num_statements": 2, "percent_covered": 0.0, "percent_covered_display": "0", "missing_lines": 2, "excluded_lines": 0, "percent_statements_covered": 0.0, "percent_statements_covered_display": "0"}, "missing_lines": [72, 78], "excluded_lines": [], "start_line": 70}, "": {"executed_lines": [8, 9, 11, 14, 26, 40, 70], "summary": {"covered_lines": 7, "num_statements": 7, "percent_covered": 100.0, "percent_covered_display": "100", "missing_lines": 0, "excluded_lines": 0, "percent_statements_covered": 100.0, "percent_statements_covered_display": "100"}, "missing_lines": [], "excluded_lines": [], "start_line": 1}}, "classes": {"": {"executed_lines": [8, 9, 11, 14, 26, 40, 70], "summary": {"covered_lines": 7, "num_statements": 32, "percent_covered": 21.875, "percent_covered_display": "22", "missing_lines": 25, "excluded_lines": 0, "percent_statements_covered": 21.875, "percent_statements_covered_display": "22"}, "missing_lines": [15, 27, 28, 33, 34, 35, 36, 37, 42, 48, 49, 50, 51, 53, 54, 57, 59, 60, 61, 63, 64, 65, 67, 72, 78], "excluded_lines": [], "start_line": 1}}}, "anomyze/channels/__init__.py": {"executed_lines": [3, 4, 5, 6, 8], "summary": {"covered_lines": 5, "num_statements": 5, "percent_covered": 100.0, "percent_covered_display": "100", "missing_lines": 0, "excluded_lines": 0, "percent_statements_covered": 100.0, "percent_statements_covered_display": "100"}, "missing_lines": [], "excluded_lines": [], "functions": {"": {"executed_lines": [3, 4, 5, 6, 8], "summary": {"covered_lines": 5, "num_statements": 5, "percent_covered": 100.0, "percent_covered_display": "100", "missing_lines": 0, "excluded_lines": 0, "percent_statements_covered": 100.0, "percent_statements_covered_display": "100"}, "missing_lines": [], "excluded_lines": [], "start_line": 1}}, "classes": {"": {"executed_lines": [3, 4, 5, 6, 8], "summary": {"covered_lines": 5, "num_statements": 5, "percent_covered": 100.0, "percent_covered_display": "100", "missing_lines": 0, "excluded_lines": 0, "percent_statements_covered": 100.0, "percent_statements_covered_display": "100"}, "missing_lines": [], "excluded_lines": [], "start_line": 1}}}, "anomyze/channels/base.py": {"executed_lines": [8, 9, 11, 12, 13, 16, 17, 31, 33, 34, 36, 39, 46, 47], "summary": {"covered_lines": 14, "num_statements": 14, "percent_covered": 100.0, "percent_covered_display": "100", "missing_lines": 0, "excluded_lines": 2, "percent_statements_covered": 100.0, "percent_statements_covered_display": "100"}, "missing_lines": [], "excluded_lines": [65, 66], "functions": {"ChannelResult.entity_count": {"executed_lines": [36], "summary": {"covered_lines": 1, "num_statements": 1, "percent_covered": 100.0, "percent_covered_display": "100", "missing_lines": 0, "excluded_lines": 0, "percent_statements_covered": 100.0, "percent_statements_covered_display": "100"}, "missing_lines": [], "excluded_lines": [], "start_line": 34}, "BaseChannel.format_output": {"executed_lines": [], "summary": {"covered_lines": 0, "num_statements": 0, "percent_covered": 100.0, "percent_covered_display": "100", "missing_lines": 0, "excluded_lines": 1, "percent_statements_covered": 100.0, "percent_statements_covered_display": "100"}, "missing_lines": [], "excluded_lines": [65], "start_line": 47}, "": {"executed_lines": [8, 9, 11, 12, 13, 16, 17, 31, 33, 34, 39, 46, 47], "summary": {"covered_lines": 13, "num_statements": 13, "percent_covered": 100.0, "percent_covered_display": "100", "missing_lines": 0, "excluded_lines": 0, "percent_statements_covered": 100.0, "percent_statements_covered_display": "100"}, "missing_lines": [], "excluded_lines": [], "start_line": 1}}, "classes": {"ChannelResult": {"executed_lines": [36], "summary": {"covered_lines": 1, "num_statements": 1, "percent_covered": 100.0, "percent_covered_display": "100", "missing_lines": 0, "excluded_lines": 0, "percent_statements_covered": 100.0, "percent_statements_covered_display": "100"}, "missing_lines": [], "excluded_lines": [], "start_line": 17}, "BaseChannel": {"executed_lines": [], "summary": {"covered_lines": 0, "num_statements": 0, "percent_covered": 100.0, "percent_covered_display": "100", "missing_lines": 0, "excluded_lines": 1, "percent_statements_covered": 100.0, "percent_statements_covered_display": "100"}, "missing_lines": [], "excluded_lines": [65], "start_line": 39}, "": {"executed_lines": [8, 9, 11, 12, 13, 16, 17, 31, 33, 34, 39, 46, 47], "summary": {"covered_lines": 13, "num_statements": 13, "percent_covered": 100.0, "percent_covered_display": "100", "missing_lines": 0, "excluded_lines": 0, "percent_statements_covered": 100.0, "percent_statements_covered_display": "100"}, "missing_lines": [], "excluded_lines": [], "start_line": 1}}}, "anomyze/channels/govgpt.py": {"executed_lines": [14, 16, 17, 18, 19, 20, 23, 59, 60, 68, 69, 71, 72, 77, 85, 103, 104, 107, 117, 120, 123, 124, 125, 127, 128, 129, 132, 134, 137, 139, 140, 141, 142, 144, 145, 146, 149, 150, 153, 156, 157, 158, 161, 162, 163, 165, 166, 169, 170, 173, 174, 176, 177, 180, 182, 187], "summary": {"covered_lines": 56, "num_statements": 62, "percent_covered": 90.3225806451613, "percent_covered_display": "90", "missing_lines": 6, "excluded_lines": 0, "percent_statements_covered": 90.3225806451613, "percent_statements_covered_display": "90"}, "missing_lines": [74, 135, 151, 159, 175, 178], "excluded_lines": [], "functions": {"GovGPTResult.unique_entity_count": {"executed_lines": [], "summary": {"covered_lines": 0, "num_statements": 1, "percent_covered": 0.0, "percent_covered_display": "0", "missing_lines": 1, "excluded_lines": 0, "percent_statements_covered": 0.0, "percent_statements_covered_display": "0"}, "missing_lines": [74], "excluded_lines": [], "start_line": 72}, "GovGPTChannel.format_output": {"executed_lines": [103, 104, 107, 117, 120, 123, 124, 125, 127, 128, 129, 132, 134, 137, 139, 140, 141, 142, 144, 145, 146, 149, 150, 153, 156, 157, 158, 161, 162, 163, 165, 166, 169, 170, 173, 174, 176, 177, 180, 182, 187], "summary": {"covered_lines": 41, "num_statements": 46, "percent_covered": 89.1304347826087, "percent_covered_display": "89", "missing_lines": 5, "excluded_lines": 0, "percent_statements_covered": 89.1304347826087, "percent_statements_covered_display": "89"}, "missing_lines": [135, 151, 159, 175, 178], "excluded_lines": [], "start_line": 85}, "": {"executed_lines": [14, 16, 17, 18, 19, 20, 23, 59, 60, 68, 69, 71, 72, 77, 85], "summary": {"covered_lines": 15, "num_statements": 15, "percent_covered": 100.0, "percent_covered_display": "100", "missing_lines": 0, "excluded_lines": 0, "percent_statements_covered": 100.0, "percent_statements_covered_display": "100"}, "missing_lines": [], "excluded_lines": [], "start_line": 1}}, "classes": {"GovGPTResult": {"executed_lines": [], "summary": {"covered_lines": 0, "num_statements": 1, "percent_covered": 0.0, "percent_covered_display": "0", "missing_lines": 1, "excluded_lines": 0, "percent_statements_covered": 0.0, "percent_statements_covered_display": "0"}, "missing_lines": [74], "excluded_lines": [], "start_line": 60}, "GovGPTChannel": {"executed_lines": [103, 104, 107, 117, 120, 123, 124, 125, 127, 128, 129, 132, 134, 137, 139, 140, 141, 142, 144, 145, 146, 149, 150, 153, 156, 157, 158, 161, 162, 163, 165, 166, 169, 170, 173, 174, 176, 177, 180, 182, 187], "summary": {"covered_lines": 41, "num_statements": 46, "percent_covered": 89.1304347826087, "percent_covered_display": "89", "missing_lines": 5, "excluded_lines": 0, "percent_statements_covered": 89.1304347826087, "percent_statements_covered_display": "89"}, "missing_lines": [135, 151, 159, 175, 178], "excluded_lines": [], "start_line": 77}, "": {"executed_lines": [14, 16, 17, 18, 19, 20, 23, 59, 60, 68, 69, 71, 72, 77, 85], "summary": {"covered_lines": 15, "num_statements": 15, "percent_covered": 100.0, "percent_covered_display": "100", "missing_lines": 0, "excluded_lines": 0, "percent_statements_covered": 100.0, "percent_statements_covered_display": "100"}, "missing_lines": [], "excluded_lines": [], "start_line": 1}}}, "anomyze/channels/ifg.py": {"executed_lines": [19, 21, 22, 23, 24, 25, 31, 34, 40, 41, 42, 45, 46, 61, 71, 72, 81, 84, 91, 109, 122, 125, 126, 127, 128, 129, 134, 135, 136, 137, 139, 151, 152, 153, 154, 155, 157, 158, 160, 161, 163, 164, 166, 167, 169, 170, 173, 177, 184, 185, 186, 196], "summary": {"covered_lines": 52, "num_statements": 57, "percent_covered": 91.2280701754386, "percent_covered_display": "91", "missing_lines": 5, "excluded_lines": 0, "percent_statements_covered": 91.2280701754386, "percent_statements_covered_display": "91"}, "missing_lines": [63, 110, 113, 168, 171], "excluded_lines": [], "functions": {"_ifg_category": {"executed_lines": [40, 41, 42], "summary": {"covered_lines": 3, "num_statements": 3, "percent_covered": 100.0, "percent_covered_display": "100", "missing_lines": 0, "excluded_lines": 0, "percent_statements_covered": 100.0, "percent_statements_covered_display": "100"}, "missing_lines": [], "excluded_lines": [], "start_line": 34}, "RedactionEntry.to_dict": {"executed_lines": [], "summary": {"covered_lines": 0, "num_statements": 1, "percent_covered": 0.0, "percent_covered_display": "0", "missing_lines": 1, "excluded_lines": 0, "percent_statements_covered": 0.0, "percent_statements_covered_display": "0"}, "missing_lines": [63], "excluded_lines": [], "start_line": 61}, "IFGChannel.format_output": {"executed_lines": [109, 122, 125, 126, 127, 128, 129, 134, 135, 136, 137, 139, 151, 152, 153, 154, 155, 157, 158, 160, 161, 163, 164, 166, 167, 169, 170, 173, 177, 184, 185, 186, 196], "summary": {"covered_lines": 33, "num_statements": 37, "percent_covered": 89.1891891891892, "percent_covered_display": "89", "missing_lines": 4, "excluded_lines": 0, "percent_statements_covered": 89.1891891891892, "percent_statements_covered_display": "89"}, "missing_lines": [110, 113, 168, 171], "excluded_lines": [], "start_line": 91}, "": {"executed_lines": [19, 21, 22, 23, 24, 25, 31, 34, 45, 46, 61, 71, 72, 81, 84, 91], "summary": {"covered_lines": 16, "num_statements": 16, "percent_covered": 100.0, "percent_covered_display": "100", "missing_lines": 0, "excluded_lines": 0, "percent_statements_covered": 100.0, "percent_statements_covered_display": "100"}, "missing_lines": [], "excluded_lines": [], "start_line": 1}}, "classes": {"RedactionEntry": {"executed_lines": [], "summary": {"covered_lines": 0, "num_statements": 1, "percent_covered": 0.0, "percent_covered_display": "0", "missing_lines": 1, "excluded_lines": 0, "percent_statements_covered": 0.0, "percent_statements_covered_display": "0"}, "missing_lines": [63], "excluded_lines": [], "start_line": 46}, "IFGResult": {"executed_lines": [], "summary": {"covered_lines": 0, "num_statements": 0, "percent_covered": 100.0, "percent_covered_display": "100", "missing_lines": 0, "excluded_lines": 0, "percent_statements_covered": 100.0, "percent_statements_covered_display": "100"}, "missing_lines": [], "excluded_lines": [], "start_line": 72}, "IFGChannel": {"executed_lines": [109, 122, 125, 126, 127, 128, 129, 134, 135, 136, 137, 139, 151, 152, 153, 154, 155, 157, 158, 160, 161, 163, 164, 166, 167, 169, 170, 173, 177, 184, 185, 186, 196], "summary": {"covered_lines": 33, "num_statements": 37, "percent_covered": 89.1891891891892, "percent_covered_display": "89", "missing_lines": 4, "excluded_lines": 0, "percent_statements_covered": 89.1891891891892, "percent_statements_covered_display": "89"}, "missing_lines": [110, 113, 168, 171], "excluded_lines": [], "start_line": 84}, "": {"executed_lines": [19, 21, 22, 23, 24, 25, 31, 34, 40, 41, 42, 45, 46, 61, 71, 72, 81, 84, 91], "summary": {"covered_lines": 19, "num_statements": 19, "percent_covered": 100.0, "percent_covered_display": "100", "missing_lines": 0, "excluded_lines": 0, "percent_statements_covered": 100.0, "percent_statements_covered_display": "100"}, "missing_lines": [], "excluded_lines": [], "start_line": 1}}}, "anomyze/channels/kapa.py": {"executed_lines": [18, 19, 20, 22, 23, 24, 25, 26, 27, 28, 31, 32, 43, 44, 45, 46, 47, 49, 50, 55, 73, 74, 75, 76, 77, 80, 88, 108, 109, 111, 112, 115, 127, 128, 131, 134, 135, 136, 137, 138, 140, 142, 143, 144, 147, 149, 152, 154, 155, 156, 157, 159, 167, 171, 172, 173, 175, 177, 178, 180, 182, 185, 191, 195, 200, 204, 217, 218, 219, 222, 223, 224, 226, 227, 229, 230, 232, 233, 235, 236, 239, 241, 246], "summary": {"covered_lines": 83, "num_statements": 89, "percent_covered": 93.25842696629213, "percent_covered_display": "93", "missing_lines": 6, "excluded_lines": 0, "percent_statements_covered": 93.25842696629213, "percent_statements_covered_display": "93"}, "missing_lines": [52, 150, 183, 220, 234, 237], "excluded_lines": [], "functions": {"KAPAResult.unique_entity_count": {"executed_lines": [], "summary": {"covered_lines": 0, "num_statements": 1, "percent_covered": 0.0, "percent_covered_display": "0", "missing_lines": 1, "excluded_lines": 0, "percent_statements_covered": 0.0, "percent_statements_covered_display": "0"}, "missing_lines": [52], "excluded_lines": [], "start_line": 50}, "_extract_context_snippet": {"executed_lines": [73, 74, 75, 76, 77], "summary": {"covered_lines": 5, "num_statements": 5, "percent_covered": 100.0, "percent_covered_display": "100", "missing_lines": 0, "excluded_lines": 0, "percent_statements_covered": 100.0, "percent_statements_covered_display": "100"}, "missing_lines": [], "excluded_lines": [], "start_line": 55}, "KAPAChannel.format_output": {"executed_lines": [108, 109, 111, 112, 115, 127, 128, 131, 134, 135, 136, 137, 138, 140, 142, 143, 144, 147, 149, 152, 154, 155, 156, 157, 159, 167, 171, 172, 173, 175, 177, 178, 180, 182, 185, 191, 195, 200, 204, 217, 218, 219, 222, 223, 224, 226, 227, 229, 230, 232, 233, 235, 236, 239, 241, 246], "summary": {"covered_lines": 56, "num_statements": 61, "percent_covered": 91.80327868852459, "percent_covered_display": "92", "missing_lines": 5, "excluded_lines": 0, "percent_statements_covered": 91.80327868852459, "percent_statements_covered_display": "92"}, "missing_lines": [150, 183, 220, 234, 237], "excluded_lines": [], "start_line": 88}, "": {"executed_lines": [18, 19, 20, 22, 23, 24, 25, 26, 27, 28, 31, 32, 43, 44, 45, 46, 47, 49, 50, 55, 80, 88], "summary": {"covered_lines": 22, "num_statements": 22, "percent_covered": 100.0, "percent_covered_display": "100", "missing_lines": 0, "excluded_lines": 0, "percent_statements_covered": 100.0, "percent_statements_covered_display": "100"}, "missing_lines": [], "excluded_lines": [], "start_line": 1}}, "classes": {"KAPAResult": {"executed_lines": [], "summary": {"covered_lines": 0, "num_statements": 1, "percent_covered": 0.0, "percent_covered_display": "0", "missing_lines": 1, "excluded_lines": 0, "percent_statements_covered": 0.0, "percent_statements_covered_display": "0"}, "missing_lines": [52], "excluded_lines": [], "start_line": 32}, "KAPAChannel": {"executed_lines": [108, 109, 111, 112, 115, 127, 128, 131, 134, 135, 136, 137, 138, 140, 142, 143, 144, 147, 149, 152, 154, 155, 156, 157, 159, 167, 171, 172, 173, 175, 177, 178, 180, 182, 185, 191, 195, 200, 204, 217, 218, 219, 222, 223, 224, 226, 227, 229, 230, 232, 233, 235, 236, 239, 241, 246], "summary": {"covered_lines": 56, "num_statements": 61, "percent_covered": 91.80327868852459, "percent_covered_display": "92", "missing_lines": 5, "excluded_lines": 0, "percent_statements_covered": 91.80327868852459, "percent_statements_covered_display": "92"}, "missing_lines": [150, 183, 220, 234, 237], "excluded_lines": [], "start_line": 80}, "": {"executed_lines": [18, 19, 20, 22, 23, 24, 25, 26, 27, 28, 31, 32, 43, 44, 45, 46, 47, 49, 50, 55, 73, 74, 75, 76, 77, 80, 88], "summary": {"covered_lines": 27, "num_statements": 27, "percent_covered": 100.0, "percent_covered_display": "100", "missing_lines": 0, "excluded_lines": 0, "percent_statements_covered": 100.0, "percent_statements_covered_display": "100"}, "missing_lines": [], "excluded_lines": [], "start_line": 1}}}, "anomyze/cli.py": {"executed_lines": [], "summary": {"covered_lines": 0, "num_statements": 195, "percent_covered": 0.0, "percent_covered_display": "0", "missing_lines": 195, "excluded_lines": 0, "percent_statements_covered": 0.0, "percent_statements_covered_display": "0"}, "missing_lines": [10, 11, 12, 14, 15, 16, 22, 23, 24, 25, 26, 27, 28, 31, 34, 36, 53, 55, 56, 58, 59, 61, 63, 64, 66, 68, 69, 71, 73, 74, 80, 81, 82, 84, 85, 86, 87, 88, 89, 90, 91, 92, 93, 94, 97, 99, 100, 101, 102, 103, 104, 105, 106, 109, 110, 113, 114, 115, 116, 117, 118, 119, 121, 124, 125, 126, 127, 128, 129, 133, 134, 135, 136, 137, 138, 140, 141, 142, 143, 146, 148, 149, 150, 151, 152, 153, 155, 156, 157, 159, 160, 161, 162, 164, 165, 166, 168, 170, 171, 172, 174, 175, 177, 178, 179, 181, 182, 183, 184, 185, 186, 189, 190, 191, 192, 194, 195, 196, 199, 207, 208, 209, 211, 213, 214, 215, 216, 218, 219, 221, 222, 223, 225, 226, 227, 228, 229, 230, 231, 235, 237, 239, 240, 241, 242, 243, 244, 245, 248, 250, 251, 252, 254, 255, 256, 257, 259, 260, 261, 263, 264, 265, 268, 270, 273, 274, 275, 277, 278, 279, 280, 281, 282, 283, 284, 285, 287, 288, 290, 291, 292, 314, 316, 318, 319, 320, 323, 324, 326, 327, 329, 330, 331, 334, 335], "excluded_lines": [], "functions": {"print_banner": {"executed_lines": [], "summary": {"covered_lines": 0, "num_statements": 1, "percent_covered": 0.0, "percent_covered_display": "0", "missing_lines": 1, "excluded_lines": 0, "percent_statements_covered": 0.0, "percent_statements_covered_display": "0"}, "missing_lines": [36], "excluded_lines": [], "start_line": 34}, "get_multiline_input": {"executed_lines": [], "summary": {"covered_lines": 0, "num_statements": 24, "percent_covered": 0.0, "percent_covered_display": "0", "missing_lines": 24, "excluded_lines": 0, "percent_statements_covered": 0.0, "percent_statements_covered_display": "0"}, "missing_lines": [55, 56, 58, 59, 63, 64, 68, 69, 73, 74, 80, 81, 82, 84, 85, 86, 87, 88, 89, 90, 91, 92, 93, 94], "excluded_lines": [], "start_line": 53}, "get_multiline_input._": {"executed_lines": [], "summary": {"covered_lines": 0, "num_statements": 1, "percent_covered": 0.0, "percent_covered_display": "0", "missing_lines": 1, "excluded_lines": 0, "percent_statements_covered": 0.0, "percent_statements_covered_display": "0"}, "missing_lines": [71], "excluded_lines": [], "start_line": 69}, "print_result": {"executed_lines": [], "summary": {"covered_lines": 0, "num_statements": 34, "percent_covered": 0.0, "percent_covered_display": "0", "missing_lines": 34, "excluded_lines": 0, "percent_statements_covered": 0.0, "percent_statements_covered_display": "0"}, "missing_lines": [99, 100, 101, 102, 103, 104, 105, 106, 109, 110, 113, 114, 115, 116, 117, 118, 119, 121, 124, 125, 126, 127, 128, 129, 133, 134, 135, 136, 137, 138, 140, 141, 142, 143], "excluded_lines": [], "start_line": 97}, "run_interactive": {
[...]
ne": 37}, "ATIBANRecognizer._is_valid_match": {"executed_lines": [63], "summary": {"covered_lines": 1, "num_statements": 1, "percent_covered": 100.0, "percent_covered_display": "100", "missing_lines": 0, "excluded_lines": 0, "percent_statements_covered": 100.0, "percent_statements_covered_display": "100"}, "missing_lines": [], "excluded_lines": [], "start_line": 60}, "ATUIDRecognizer._is_valid_match": {"executed_lines": [115], "summary": {"covered_lines": 1, "num_statements": 1, "percent_covered": 100.0, "percent_covered_display": "100", "missing_lines": 0, "excluded_lines": 0, "percent_statements_covered": 100.0, "percent_statements_covered_display": "100"}, "missing_lines": [], "excluded_lines": [], "start_line": 112}, "ATBICRecognizer._is_valid_match": {"executed_lines": [138], "summary": {"covered_lines": 1, "num_statements": 1, "percent_covered": 100.0, "percent_covered_display": "100", "missing_lines": 0, "excluded_lines": 0, "percent_statements_covered": 100.0, "percent_statements_covered_display": "100"}, "missing_lines": [], "excluded_lines": [], "start_line": 135}, "ATFuehrerscheinRecognizer._is_valid_match": {"executed_lines": [214], "summary": {"covered_lines": 1, "num_statements": 1, "percent_covered": 100.0, "percent_covered_display": "100", "missing_lines": 0, "excluded_lines": 0, "percent_statements_covered": 100.0, "percent_statements_covered_display": "100"}, "missing_lines": [], "excluded_lines": [], "start_line": 211}, "ATZMRRecognizer._is_valid_match": {"executed_lines": [241], "summary": {"covered_lines": 1, "num_statements": 1, "percent_covered": 100.0, "percent_covered_display": "100", "missing_lines": 0, "excluded_lines": 0, "percent_statements_covered": 100.0, "percent_statements_covered_display": "100"}, "missing_lines": [], "excluded_lines": [], "start_line": 238}, "ATICD10Recognizer._is_valid_match": {"executed_lines": [303, 304, 307], "summary": {"covered_lines": 3, "num_statements": 3, "percent_covered": 100.0, "percent_covered_display": "100", "missing_lines": 0, "excluded_lines": 0, "percent_statements_covered": 100.0, "percent_statements_covered_display": "100"}, "missing_lines": [], "excluded_lines": [], "start_line": 300}, "ATNameRecognizer.analyze": {"executed_lines": [334, 335, 336, 337, 338, 339, 340, 348], "summary": {"covered_lines": 8, "num_statements": 8, "percent_covered": 100.0, "percent_covered_display": "100", "missing_lines": 0, "excluded_lines": 0, "percent_statements_covered": 100.0, "percent_statements_covered_display": "100"}, "missing_lines": [], "excluded_lines": [], "start_line": 332}, "": {"executed_lines": [8, 9, 10, 11, 13, 14, 15, 22, 30, 31, 35, 37, 43, 50, 51, 58, 60, 68, 79, 82, 83, 90, 93, 100, 101, 104, 112, 118, 126, 127, 132, 133, 135, 141, 148, 149, 154, 157, 164, 165, 168, 171, 177, 178, 185, 188, 196, 197, 200, 209, 211, 217, 224, 225, 228, 236, 238, 244, 254, 255, 262, 265, 278, 279, 286, 298, 300, 310, 322, 323, 330, 332], "summary": {"covered_lines": 72, "num_statements": 72, "percent_covered": 100.0, "percent_covered_display": "100", "missing_lines": 0, "excluded_lines": 0, "percent_statements_covered": 100.0, "percent_statements_covered_display": "100"}, "missing_lines": [], "excluded_lines": [], "start_line": 1}}, "classes": {"ATSVNRRecognizer": {"executed_lines": [40], "summary": {"covered_lines": 1, "num_statements": 1, "percent_covered": 100.0, "percent_covered_display": "100", "missing_lines": 0, "excluded_lines": 0, "percent_statements_covered": 100.0, "percent_statements_covered_display": "100"}, "missing_lines": [], "excluded_lines": [], "start_line": 22}, "ATIBANRecognizer": {"executed_lines": [63], "summary": {"covered_lines": 1, "num_statements": 1, "percent_covered": 100.0, "percent_covered_display": "100", "missing_lines": 0, "excluded_lines": 0, "percent_statements_covered": 100.0, "percent_statements_covered_display": "100"}, "missing_lines": [], "excluded_lines": [], "start_line": 43}, "ATKFZRecognizer": {"executed_lines": [], "summary": {"covered_lines": 0, "num_statements": 0, "percent_covered": 100.0, "percent_covered_display": "100", "missing_lines": 0, "excluded_lines": 0, "percent_statements_covered": 100.0, "percent_statements_covered_display": "100"}, "missing_lines": [], "excluded_lines": [], "start_line": 79}, "ATUIDRecognizer": {"executed_lines": [115], "summary": {"covered_lines": 1, "num_statements": 1, "percent_covered": 100.0, "percent_covered_display": "100", "missing_lines": 0, "excluded_lines": 0, "percent_statements_covered": 100.0, "percent_statements_covered_display": "100"}, "missing_lines": [], "excluded_lines": [], "start_line": 93}, "ATBICRecognizer": {"executed_lines": [138], "summary": {"covered_lines": 1, "num_statements": 1, "percent_covered": 100.0, "percent_covered_display": "100", "missing_lines": 0, "excluded_lines": 0, "percent_statements_covered": 100.0, "percent_statements_covered_display": "100"}, "missing_lines": [], "excluded_lines": [], "start_line": 118}, "ATFirmenbuchRecognizer": {"executed_lines": [], "summary": {"covered_lines": 0, "num_statements": 0, "percent_covered": 100.0, "percent_covered_display": "100", "missing_lines": 0, "excluded_lines": 0, "percent_statements_covered": 100.0, "percent_statements_covered_display": "100"}, "missing_lines": [], "excluded_lines": [], "start_line": 141}, "ATPassportRecognizer": {"executed_lines": [], "summary": {"covered_lines": 0, "num_statements": 0, "percent_covered": 100.0, "percent_covered_display": "100", "missing_lines": 0, "excluded_lines": 0, "percent_statements_covered": 100.0, "percent_statements_covered_display": "100"}, "missing_lines": [], "excluded_lines": [], "start_line": 157}, "ATAktenzahlRecognizer": {"executed_lines": [], "summary": {"covered_lines": 0, "num_statements": 0, "percent_covered": 100.0, "percent_covered_display": "100", "missing_lines": 0, "excluded_lines": 0, "percent_statements_covered": 100.0, "percent_statements_covered_display": "100"}, "missing_lines": [], "excluded_lines": [], "start_line": 171}, "ATFuehrerscheinRecognizer": {"executed_lines": [214], "summary": {"covered_lines": 1, "num_statements": 1, "percent_covered": 100.0, "percent_covered_display": "100", "missing_lines": 0, "excluded_lines": 0, "percent_statements_covered": 100.0, "percent_statements_covered_display": "100"}, "missing_lines": [], "excluded_lines": [], "start_line": 188}, "ATZMRRecognizer": {"executed_lines": [241], "summary": {"covered_lines": 1, "num_statements": 1, "percent_covered": 100.0, "percent_covered_display": "100", "missing_lines": 0, "excluded_lines": 0, "percent_statements_covered": 100.0, "percent_statements_covered_display": "100"}, "missing_lines": [], "excluded_lines": [], "start_line": 217}, "ATGerichtsaktenzahlRecognizer": {"executed_lines": [], "summary": {"covered_lines": 0, "num_statements": 0, "percent_covered": 100.0, "percent_covered_display": "100", "missing_lines": 0, "excluded_lines": 0, "percent_statements_covered": 100.0, "percent_statements_covered_display": "100"}, "missing_lines": [], "excluded_lines": [], "start_line": 244}, "ATICD10Recognizer": {"executed_lines": [303, 304, 307], "summary": {"covered_lines": 3, "num_statements": 3, "percent_covered": 100.0, "percent_covered_display": "100", "missing_lines": 0, "excluded_lines": 0, "percent_statements_covered": 100.0, "percent_statements_covered_display": "100"}, "missing_lines": [], "excluded_lines": [], "start_line": 265}, "ATNameRecognizer": {"executed_lines": [334, 335, 336, 337, 338, 339, 340, 348], "summary": {"covered_lines": 8, "num_statements": 8, "percent_covered": 100.0, "percent_covered_display": "100", "missing_lines": 0, "excluded_lines": 0, "percent_statements_covered": 100.0, "percent_statements_covered_display": "100"}, "missing_lines": [], "excluded_lines": [], "start_line": 310}, "": {"executed_lines": [8, 9, 10, 11, 13, 14, 15, 22, 30, 31, 35, 37, 43, 50, 51, 58, 60, 68, 79, 82, 83, 90, 93, 100, 101, 104, 112, 118, 126, 127, 132, 133, 135, 141, 148, 149, 154, 157, 164, 165, 168, 171, 177, 178, 185, 188, 196, 197, 200, 209, 211, 217, 224, 225, 228, 236, 238, 244, 254, 255, 262, 265, 278, 279, 286, 298, 300, 310, 322, 323, 330, 332], "summary": {"covered_lines": 72, "num_statements": 72, "percent_covered": 100.0, "percent_covered_display": "100", "missing_lines": 0, "excluded_lines": 0, "percent_statements_covered": 100.0, "percent_statements_covered_display": "100"}, "missing_lines": [], "excluded_lines": [], "start_line": 1}}}, "anomyze/pipeline/recognizers/base.py": {"executed_lines": [9, 10, 13, 14, 30, 31, 50, 53, 67, 68, 69, 70, 71, 73, 74, 78, 87, 88, 89, 90, 91, 92, 94, 95, 96, 98, 106, 108, 112, 114, 116, 117, 118, 119, 120, 121], "summary": {"covered_lines": 36, "num_statements": 36, "percent_covered": 100.0, "percent_covered_display": "100", "missing_lines": 0, "excluded_lines": 0, "percent_statements_covered": 100.0, "percent_statements_covered_display": "100"}, "missing_lines": [], "excluded_lines": [], "functions": {"PatternRecognizer.__init__": {"executed_lines": [74], "summary": {"covered_lines": 1, "num_statements": 1, "percent_covered": 100.0, "percent_covered_display": "100", "missing_lines": 0, "excluded_lines": 0, "percent_statements_covered": 100.0, "percent_statements_covered_display": "100"}, "missing_lines": [], "excluded_lines": [], "start_line": 73}, "PatternRecognizer.analyze": {"executed_lines": [87, 88, 89, 90, 91, 92, 94, 95, 96, 98, 106], "summary": {"covered_lines": 11, "num_statements": 11, "percent_covered": 100.0, "percent_covered_display": "100", "missing_lines": 0, "excluded_lines": 0, "percent_statements_covered": 100.0, "percent_statements_covered_display": "100"}, "missing_lines": [], "excluded_lines": [], "start_line": 78}, "PatternRecognizer._is_valid_match": {"executed_lines": [112], "summary": {"covered_lines": 1, "num_statements": 1, "percent_covered": 100.0, "percent_covered_display": "100", "missing_lines": 0, "excluded_lines": 0, "percent_statements_covered": 100.0, "percent_statements_covered_display": "100"}, "missing_lines": [], "excluded_lines": [], "start_line": 108}, "PatternRecognizer._has_context": {"executed_lines": [116, 117, 118, 119, 120, 121], "summary": {"covered_lines": 6, "num_statements": 6, "percent_covered": 100.0, "percent_covered_display": "100", "missing_lines": 0, "excluded_lines": 0, "percent_statements_covered": 100.0, "percent_statements_covered_display": "100"}, "missing_lines": [], "excluded_lines": [], "start_line": 114}, "": {"executed_lines": [9, 10, 13, 14, 30, 31, 50, 53, 67, 68, 69, 70, 71, 73, 78, 108, 114], "summary": {"covered_lines": 17, "num_statements": 17, "percent_covered": 100.0, "percent_covered_display": "100", "missing_lines": 0, "excluded_lines": 0, "percent_statements_covered": 100.0, "percent_statements_covered_display": "100"}, "missing_lines": [], "excluded_lines": [], "start_line": 1}}, "classes": {"Pattern": {"executed_lines": [], "summary": {"covered_lines": 0, "num_statements": 0, "percent_covered": 100.0, "percent_covered_display": "100", "missing_lines": 0, "excluded_lines": 0, "percent_statements_covered": 100.0, "percent_statements_covered_display": "100"}, "missing_lines": [], "excluded_lines": [], "start_line": 14}, "RecognizerResult": {"executed_lines": [], "summary": {"covered_lines": 0, "num_statements": 0, "percent_covered": 100.0, "percent_covered_display": "100", "missing_lines": 0, "excluded_lines": 0, "percent_statements_covered": 100.0, "percent_statements_covered_display": "100"}, "missing_lines": [], "excluded_lines": [], "start_line": 31}, "PatternRecognizer": {"executed_lines": [74, 87, 88, 89, 90, 91, 92, 94, 95, 96, 98, 106, 112, 116, 117, 118, 119, 120, 121], "summary": {"covered_lines": 19, "num_statements": 19, "percent_covered": 100.0, "percent_covered_display": "100", "missing_lines": 0, "excluded_lines": 0, "percent_statements_covered": 100.0, "percent_statements_covered_display": "100"}, "missing_lines": [], "excluded_lines": [], "start_line": 53}, "": {"executed_lines": [9, 10, 13, 14, 30, 31, 50, 53, 67, 68, 69, 70, 71, 73, 78, 108, 114], "summary": {"covered_lines": 17, "num_statements": 17, "percent_covered": 100.0, "percent_covered_display": "100", "missing_lines": 0, "excluded_lines": 0, "percent_statements_covered": 100.0, "percent_statements_covered_display": "100"}, "missing_lines": [], "excluded_lines": [], "start_line": 1}}}, "anomyze/pipeline/regex_layer.py": {"executed_lines": [10, 26, 27, 30, 38, 50, 53, 70, 71, 72, 74, 78, 80], "summary": {"covered_lines": 13, "num_statements": 13, "percent_covered": 100.0, "percent_covered_display": "100", "missing_lines": 0, "excluded_lines": 0, "percent_statements_covered": 100.0, "percent_statements_covered_display": "100"}, "missing_lines": [], "excluded_lines": [], "functions": {"RegexLayer.process": {"executed_lines": [50, 53, 70, 71, 72, 74, 78, 80], "summary": {"covered_lines": 8, "num_statements": 8, "percent_covered": 100.0, "percent_covered_display": "100", "missing_lines": 0, "excluded_lines": 0, "percent_statements_covered": 100.0, "percent_statements_covered_display": "100"}, "missing_lines": [], "excluded_lines": [], "start_line": 38}, "": {"executed_lines": [10, 26, 27, 30, 38], "summary": {"covered_lines": 5, "num_statements": 5, "percent_covered": 100.0, "percent_covered_display": "100", "missing_lines": 0, "excluded_lines": 0, "percent_statements_covered": 100.0, "percent_statements_covered_display": "100"}, "missing_lines": [], "excluded_lines": [], "start_line": 1}}, "classes": {"RegexLayer": {"executed_lines": [50, 53, 70, 71, 72, 74, 78, 80], "summary": {"covered_lines": 8, "num_statements": 8, "percent_covered": 100.0, "percent_covered_display": "100", "missing_lines": 0, "excluded_lines": 0, "percent_statements_covered": 100.0, "percent_statements_covered_display": "100"}, "missing_lines": [], "excluded_lines": [], "start_line": 30}, "": {"executed_lines": [10, 26, 27, 30, 38], "summary": {"covered_lines": 5, "num_statements": 5, "percent_covered": 100.0, "percent_covered_display": "100", "missing_lines": 0, "excluded_lines": 0, "percent_statements_covered": 100.0, "percent_statements_covered_display": "100"}, "missing_lines": [], "excluded_lines": [], "start_line": 1}}}, "anomyze/pipeline/reidentification.py": {"executed_lines": [32, 34, 36, 37, 38, 43, 57, 73, 85, 95, 102, 105, 111, 114, 134, 136, 138, 139, 140, 141, 142, 143, 144, 145, 146, 149, 150, 151, 152, 155, 156, 158, 160, 161, 162, 163, 165, 166, 167, 168, 169, 171, 172, 174, 180, 181, 183, 184, 185, 187, 191, 192, 197, 209, 211], "summary": {"covered_lines": 55, "num_statements": 59, "percent_covered": 93.22033898305085, "percent_covered_display": "93", "missing_lines": 4, "excluded_lines": 0, "percent_statements_covered": 93.22033898305085, "percent_statements_covered_display": "93"}, "missing_lines": [147, 153, 186, 196], "excluded_lines": [], "functions": {"_estimate_k": {"executed_lines": [111], "summary": {"covered_lines": 1, "num_statements": 1, "percent_covered": 100.0, "percent_covered_display": "100", "missing_lines": 0, "excluded_lines": 0, "percent_statements_covered": 100.0, "percent_statements_covered_display": "100"}, "missing_lines": [], "excluded_lines": [], "start_line": 105}, "detect_quasi_identifiers": {"executed_lines": [134, 136, 138, 139, 140, 141, 142, 143, 144, 145, 146, 149, 150, 151, 152, 155, 156, 158, 160, 161, 162, 163, 165, 166, 167, 168, 169, 171, 172, 174, 180, 181, 183, 184, 185, 187, 191, 192, 197, 209, 211], "summary": {"covered_lines": 41, "num_statements": 45, "percent_covered": 91.11111111111111, "percent_covered_display": "91", "missing_lines": 4, "excluded_lines": 0, "percent_statements_covered": 91.11111111111111, "percent_statements_covered_display": "91"}, "missing_lines": [147, 153, 186, 196], "excluded_lines": [], "start_line": 114}, "": {"executed_lines": [32, 34, 36, 37, 38, 43, 57, 73, 85, 95, 102, 105, 114], "summary": {"covered_lines": 13, "num_statements": 13, "percent_covered": 100.0, "percent_covered_display": "100", "missing_lines": 0, "excluded_lines": 0, "percent_statements_covered": 100.0, "percent_statements_covered_display": "100"}, "missing_lines": [], "excluded_lines": [], "start_line": 1}}, "classes": {"": {"executed_lines": [32, 34, 36, 37, 38, 43, 57, 73, 85, 95, 102, 105, 111, 114, 134, 136, 138, 139, 140, 141, 142, 143, 144, 145, 146, 149, 150, 151, 152, 155, 156, 158, 160, 161, 162, 163, 165, 166, 167, 168, 169, 171, 172, 174, 180, 181, 183, 184, 185, 187, 191, 192, 197, 209, 211], "summary": {"covered_lines": 55, "num_statements": 59, "percent_covered": 93.22033898305085, "percent_covered_display": "93", "missing_lines": 4, "excluded_lines": 0, "percent_statements_covered": 93.22033898305085, "percent_statements_covered_display": "93"}, "missing_lines": [147, 153, 186, 196], "excluded_lines": [], "start_line": 1}}}, "anomyze/pipeline/utils.py": {"executed_lines": [11, 22, 23, 24, 26, 29, 45, 46, 49, 50, 51, 52, 55, 56, 57, 64, 75, 76, 77, 78, 79, 86, 87, 88, 90, 93, 98, 110], "summary": {"covered_lines": 28, "num_statements": 37, "percent_covered": 75.67567567567568, "percent_covered_display": "76", "missing_lines": 9, "excluded_lines": 0, "percent_statements_covered": 75.67567567567568, "percent_statements_covered_display": "76"}, "missing_lines": [25, 59, 60, 61, 80, 81, 82, 83, 95], "excluded_lines": [], "functions": {"expand_to_word_boundaries": {"executed_lines": [22, 23, 24, 26], "summary": {"covered_lines": 4, "num_statements": 5, "percent_covered": 80.0, "percent_covered_display": "80", "missing_lines": 1, "excluded_lines": 0, "percent_statements_covered": 80.0, "percent_statements_covered_display": "80"}, "missing_lines": [25], "excluded_lines": [], "start_line": 11}, "clean_entity_word": {"executed_lines": [45, 46, 49, 50, 51, 52, 55, 56, 57, 64, 75, 76, 77, 78, 79, 86, 87, 88, 90], "summary": {"covered_lines": 19, "num_statements": 26, "percent_covered": 73.07692307692308, "percent_covered_display": "73", "missing_lines": 7, "excluded_lines": 0, "percent_statements_covered": 73.07692307692308, "percent_statements_covered_display": "73"}, "missing_lines": [59, 60, 61, 80, 81, 82, 83], "excluded_lines": [], "start_line": 29}, "normalize_entity": {"executed_lines": [], "summary": {"covered_lines": 0, "num_statements": 1, "percent_covered": 0.0, "percent_covered_display": "0", "missing_lines": 1, "excluded_lines": 0, "percent_statements_covered": 0.0, "percent_statements_covered_display": "0"}, "missing_lines": [95], "excluded_lines": [], "start_line": 93}, "entities_overlap": {"executed_lines": [110], "summary": {"covered_lines": 1, "num_statements": 1, "percent_covered": 100.0, "percent_covered_display": "100", "missing_lines": 0, "excluded_lines": 0, "percent_statements_covered": 100.0, "percent_statements_covered_display": "100"}, "missing_lines": [], "excluded_lines": [], "start_line": 98}, "": {"executed_lines": [11, 29, 93, 98], "summary": {"covered_lines": 4, "num_statements": 4, "percent_covered": 100.0, "percent_covered_display": "100", "missing_lines": 0, "excluded_lines": 0, "percent_statements_covered": 100.0, "percent_statements_covered_display": "100"}, "missing_lines": [], "excluded_lines": [], "start_line": 1}}, "classes": {"": {"executed_lines": [11, 22, 23, 24, 26, 29, 45, 46, 49, 50, 51, 52, 55, 56, 57, 64, 75, 76, 77, 78, 79, 86, 87, 88, 90, 93, 98, 110], "summary": {"covered_lines": 28, "num_statements": 37, "percent_covered": 75.67567567567568, "percent_covered_display": "76", "missing_lines": 9, "excluded_lines": 0, "percent_statements_covered": 75.67567567567568, "percent_statements_covered_display": "76"}, "missing_lines": [25, 59, 60, 61, 80, 81, 82, 83, 95], "excluded_lines": [], "start_line": 1}}}}, "totals": {"covered_lines": 1999, "num_statements": 2599, "percent_covered": 76.91419776837245, "percent_covered_display": "77", "missing_lines": 600, "excluded_lines": 29, "percent_statements_covered": 76.91419776837245, "percent_statements_covered_display": "77"}}