<?xml version="1.0" encoding="utf-8"?><testsuites name="pytest tests"><testsuite name="pytest" errors="0" failures="1" skipped="0" tests="493" time="382.297" timestamp="2026-04-18T00:47:31.956998+02:00" hostname="Mini-von-Slavko.lan"><testcase classname="tests.test_adversarial.TestUnicodeHomoglyphAttacks" name="test_cyrillic_in_iban_defeated_by_normalizer" time="0.003" /><testcase classname="tests.test_adversarial.TestUnicodeHomoglyphAttacks" name="test_fullwidth_iban_digits" time="0.001" /><testcase classname="tests.test_adversarial.TestUnicodeHomoglyphAttacks" name="test_mixed_cyrillic_latin_email" time="0.000" /><testcase classname="tests.test_adversarial.TestZeroWidthAttacks" name="test_zero_width_in_iban" time="0.000" /><testcase classname="tests.test_adversarial.TestZeroWidthAttacks" name="test_zero_width_in_email" time="0.000" /><testcase classname="tests.test_adversarial.TestZeroWidthAttacks" name="test_soft_hyphen_in_svnr" time="0.000" /><testcase classname="tests.test_adversarial.TestZeroWidthAttacks" name="test_bom_prefix" time="0.000" /><testcase classname="tests.test_adversarial.TestBoundaryConditions" name="test_pii_at_very_start" time="0.000" /><testcase classname="tests.test_adversarial.TestBoundaryConditions" name="test_pii_at_very_end" time="0.000" /><testcase classname="tests.test_adversarial.TestBoundaryConditions" name="test_empty_text" time="0.000" /><testcase classname="tests.test_adversarial.TestBoundaryConditions" name="test_whitespace_only" time="0.000" /><testcase classname="tests.test_adversarial.TestBoundaryConditions" name="test_single_char" time="0.000" /><testcase classname="tests.test_adversarial.TestDensePII" name="test_multiple_distinct_pii" time="0.000" /><testcase classname="tests.test_adversarial.TestDensePII" name="test_repeated_same_entity_same_placeholder" time="0.000" /><testcase classname="tests.test_adversarial.TestQualityReportIntegration" name="test_clean_output_passes_quality_check" time="0.000" /><testcase classname="tests.test_adversarial.TestQualityReportIntegration" name="test_successful_anonymization_passes_quality_check" time="0.000" /><testcase classname="tests.test_adversarial.TestChannelConsistency" name="test_same_input_all_channels" time="0.001" /><testcase classname="tests.test_adversarial.TestPerformanceSanity" name="test_long_text_no_crash" time="0.009" /><testcase classname="tests.test_adversarial.TestPerformanceSanity" name="test_no_pii_long_text" time="0.009" /><testcase classname="tests.test_api.TestHealthEndpoint" name="test_health_returns_ok" time="9.926" /><testcase classname="tests.test_api.TestHealthEndpoint" name="test_health_shows_models_loaded" time="9.306" /><testcase classname="tests.test_api.TestAnonymizeEndpoint" name="test_govgpt_channel_basic" time="11.940" /><testcase classname="tests.test_api.TestAnonymizeEndpoint" name="test_ifg_channel_basic" time="9.916" /><testcase classname="tests.test_api.TestAnonymizeEndpoint" name="test_kapa_channel_basic" time="9.163" /><testcase classname="tests.test_api.TestAnonymizeEndpoint" name="test_govgpt_detects_email" time="10.127" /><testcase classname="tests.test_api.TestAnonymizeEndpoint" name="test_ifg_no_mapping_stored" time="9.555" /><testcase classname="tests.test_api.TestAnonymizeEndpoint" name="test_custom_document_id" time="10.103" /><testcase classname="tests.test_api.TestAnonymizeEndpoint" name="test_auto_generated_document_id" time="11.171" /><testcase classname="tests.test_api.TestAnonymizeEndpoint" name="test_invalid_channel_returns_422" time="10.575" /><testcase classname="tests.test_api.TestAnonymizeEndpoint" name="test_empty_text_returns_422" time="10.702" /><testcase classname="tests.test_api.TestAnonymizeEndpoint" name="test_settings_override" time="13.168" /><testcase classname="tests.test_api.TestRequestSizeLimits" name="test_text_at_default_limit_accepted" time="21.573" /><testcase classname="tests.test_api.TestRequestSizeLimits" name="test_text_above_default_limit_rejected" time="10.491" /><testcase classname="tests.test_api.TestRequestSizeLimits" name="test_body_size_middleware_rejects_oversized" time="10.587" /><testcase classname="tests.test_api.TestConfigurableTextLimit" name="test_raised_limit_accepts_larger_text" time="0.002" /><testcase classname="tests.test_api.TestConfigurableTextLimit" name="test_default_limit_rejects_oversized" time="0.001" /><testcase classname="tests.test_api.TestConfigurableTextLimit" name="test_kapa_channel_has_audit_trail" time="12.906" /><testcase classname="tests.test_api.TestMappingEndpoint" name="test_store_and_retrieve_mapping" time="12.831" /><testcase classname="tests.test_api.TestMappingEndpoint" name="test_mapping_not_found" time="10.624" /><testcase classname="tests.test_api.TestMappingEndpoint" name="test_delete_mapping" time="15.855" /><testcase classname="tests.test_api.TestMappingEndpoint" name="test_delete_nonexistent_mapping" time="9.050" /><testcase classname="tests.test_api.TestAuditEndpoint" name="test_audit_trail_retrieval" time="9.187" /><testcase classname="tests.test_api.TestAuditEndpoint" name="test_audit_not_found" time="9.269" /><testcase classname="tests.test_api_hardening.TestBodySizeMiddleware" name="test_small_body_accepted" time="9.529" /><testcase classname="tests.test_api_hardening.TestBodySizeMiddleware" name="test_oversized_body_returns_413" time="14.598" /><testcase classname="tests.test_api_hardening.TestBodySizeMiddleware" name="test_custom_body_limit_raised" time="12.648" /><testcase classname="tests.test_api_hardening.TestSecurityHeaders" name="test_health_response_has_hardening_headers" time="10.401" /><testcase classname="tests.test_api_hardening.TestRateLimit" name="test_rate_limit_does_not_error_on_normal_use" time="12.586" /><testcase classname="tests.test_api_hardening.TestHardeningGracefulDegrade" name="test_app_boots_without_slowapi" time="10.567" /><testcase classname="tests.test_api_logging.TestStructlogJSON" name="test_json_output_format" time="0.002" /><testcase classname="tests.test_api_logging.TestStructlogJSON" name="test_idempotent_configure" time="0.000" /><testcase classname="tests.test_api_logging.TestNoPIIInLogs" name="test_entity_word_not_logged" time="0.000" /><testcase classname="tests.test_api_logging.TestStdlibFallback" name="test_fallback_when_structlog_missing" time="0.001" /><testcase classname="tests.test_api_metrics.TestMetricsEndpoint" name="test_metrics_endpoint_reachable" time="10.190" /><testcase classname="tests.test_api_metrics.TestMetricsEndpoint" name="test_custom_metrics_present" time="12.686" /><testcase classname="tests.test_api_metrics.TestChannelCounter" name="test_channel_counter_increments" time="11.478" /><testcase classname="tests.test_api_metrics.TestChannelCounter" name="test_two_requests_two_increments" time="12.290"><failure message="assert (False or False)&#10; +  where False = &lt;built-in method endswith of str object at 0x149450bd0&gt;('2.0')&#10; +    where &lt;built-in method endswith of str object at 0x149450bd0&gt; = 'anomyze_channel_requests_total{channel=&quot;kapa&quot;} 5.0'.endswith&#10; +  and   False = &lt;built-in method endswith of str object at 0x149450bd0&gt;(' 2')&#10; +    where &lt;built-in method endswith of str object at 0x149450bd0&gt; = 'anomyze_channel_requests_total{channel=&quot;kapa&quot;} 5.0'.endswith">self = &lt;tests.test_api_metrics.TestChannelCounter object at 0x11807f390&gt;
client = &lt;starlette.testclient.TestClient object at 0x142f11ae0&gt;

    def test_two_requests_two_increments(self, client) -&gt; None:
        for _ in range(2):
            client.post(
                "/api/v1/anonymize",
                json={"text": "Hallo", "channel": "kapa"},
            )
        body = client.get("/metrics").text
        # Two calls on the same label -&gt; value 2.0
        for line in body.splitlines():
            if line.startswith('anomyze_channel_requests_total{channel="kapa"}'):
&gt;               assert line.endswith("2.0") or line.endswith(" 2")
E               assert (False or False)
E                +  where False = &lt;built-in method endswith of str object at 0x149450bd0&gt;('2.0')
E                +    where &lt;built-in method endswith of str object at 0x149450bd0&gt; = 'anomyze_channel_requests_total{channel="kapa"} 5.0'.endswith
E                +  and   False = &lt;built-in method endswith of str object at 0x149450bd0&gt;(' 2')
E                +    where &lt;built-in method endswith of str object at 0x149450bd0&gt; = 'anomyze_channel_requests_total{channel="kapa"} 5.0'.endswith

tests/test_api_metrics.py:85: AssertionError</failure></testcase><testcase classname="tests.test_api_metrics.TestNoPIIInMetrics" name="test_entity_word_never_appears_in_metrics" time="12.253" /><testcase classname="tests.test_at_names.TestFirstNameLookup" name="test_known_firstname" time="0.001" /><testcase classname="tests.test_at_names.TestFirstNameLookup" name="test_case_insensitive" time="0.000" /><testcase classname="tests.test_at_names.TestFirstNameLookup" name="test_whitespace_stripped" time="0.000" /><testcase classname="tests.test_at_names.TestFirstNameLookup" name="test_unknown_firstname" time="0.000" /><testcase classname="tests.test_at_names.TestFirstNameLookup" name="test_empty" time="0.000" /><testcase classname="tests.test_at_names.TestLastNameLookup" name="test_known_lastname" time="0.000" /><testcase classname="tests.test_at_names.TestLastNameLookup" name="test_case_insensitive" time="0.000" /><testcase classname="tests.test_at_names.TestLastNameLookup" name="test_unknown_lastname" time="0.000" /><testcase classname="tests.test_at_names.TestCombinedName" name="test_firstname_matched" time="0.001" /><testcase classname="tests.test_at_names.TestCombinedName" name="test_lastname_matched" time="0.000" /><testcase classname="tests.test_at_names.TestCombinedName" name="test_unknown_not_matched" time="0.000" /><testcase classname="tests.test_at_names.TestPhoneticMatching" name="test_mueller_matches_umlaut_variant" time="0.001" /><testcase classname="tests.test_at_names.TestPhoneticMatching" name="test_meyer_variant_matches" time="0.000" /><testcase classname="tests.test_at_names.TestPhoneticMatching" name="test_no_phonetic_match" time="0.000" /><testcase classname="tests.test_at_names.TestNameSetsNonEmpty" name="test_first_name_set_reasonable_size" time="0.000" /><testcase classname="tests.test_at_names.TestNameSetsNonEmpty" name="test_last_name_set_reasonable_size" time="0.000" /><testcase classname="tests.test_at_names.TestNameSetsNonEmpty" name="test_all_lowercase" time="0.000" /><testcase classname="tests.test_audit_retention.TestForget" name="test_removes_all_entries_for_document" time="0.001" /><testcase classname="tests.test_audit_retention.TestForget" name="test_unknown_doc_returns_zero" time="0.000" /><testcase classname="tests.test_audit_retention.TestRetention" name="test_redact_pii_after_grace" time="0.001" /><testcase classname="tests.test_audit_retention.TestRetention" name="test_hard_delete_after_threshold" time="0.000" /><testcase classname="tests.test_audit_retention.TestRetention" name="test_redact_idempotent" time="0.000" /><testcase classname="tests.test_benchmark_datasets" name="test_dataset_loads_and_spans_are_valid[synthetic_at.json]" time="0.001" /><testcase classname="tests.test_benchmark_datasets" name="test_dataset_loads_and_spans_are_valid[realistic_at.json]" time="0.001" /><testcase classname="tests.test_benchmark_datasets" name="test_dataset_loads_and_spans_are_valid[smoke_at.json]" time="0.001" /><testcase classname="tests.test_benchmark_datasets" name="test_synthetic_dataset_has_minimum_size" time="0.000" /><testcase classname="tests.test_benchmark_datasets" name="test_realistic_dataset_covers_multiple_categories" time="0.000" /><testcase classname="tests.test_benchmark_evaluator" name="test_evaluator_runs_all_samples" time="0.002" /><testcase classname="tests.test_benchmark_evaluator" name="test_evaluator_layer_breakdown_from_source" time="0.000" /><testcase classname="tests.test_benchmark_evaluator" name="test_evaluator_mixed_outcomes" time="0.000" /><testcase classname="tests.test_benchmark_generator.TestGenerate" name="test_count_returned" time="0.023" /><testcase classname="tests.test_benchmark_generator.TestGenerate" name="test_deterministic" time="0.019" /><testcase classname="tests.test_benchmark_generator.TestGenerate" name="test_different_seeds_diverge" time="0.019" /><testcase classname="tests.test_benchmark_generator.TestGenerate" name="test_spans_align" time="0.041" /><testcase classname="tests.test_benchmark_generator.TestGenerate" name="test_checksums_valid" time="0.037" /><testcase classname="tests.test_benchmark_loader" name="test_loads_valid_dataset" time="0.004" /><testcase classname="tests.test_benchmark_loader" name="test_empty_dataset_yields_empty_list" time="0.001" /><testcase classname="tests.test_benchmark_loader" name="test_rejects_non_list_root" time="0.002" /><testcase classname="tests.test_benchmark_loader" name="test_rejects_missing_sample_fields" time="0.001" /><testcase classname="tests.test_benchmark_loader" name="test_rejects_out_of_range_span" time="0.001" /><testcase classname="tests.test_benchmark_loader" name="test_rejects_inverted_span" time="0.000" /><testcase classname="tests.test_benchmark_loader" name="test_rejects_empty_type" time="0.000" /><testcase classname="tests.test_benchmark_metrics" name="test_perfect_match_yields_unity_metrics" time="0.000" /><testcase classname="tests.test_benchmark_metrics" name="test_all_false_positives" time="0.000" /><testcase classname="tests.test_benchmark_metrics" name="test_all_false_negatives" time="0.000" /><testcase classname="tests.test_benchmark_metrics" name="test_iou_exactly_fifty_percent_is_tp" time="0.000" /><testcase classname="tests.test_benchmark_metrics" name="test_iou_below_fifty_same_category_counts_fp_and_fn" time="0.000" /><testcase classname="tests.test_benchmark_metrics" name="test_same_span_different_category_counts_fp_and_fn" time="0.000" /><testcase classname="tests.test_benchmark_metrics" name="test_empty_inputs_yield_zero_metrics" time="0.000" /><testcase classname="tests.test_benchmark_metrics" name="test_per_category_aggregation" time="0.000" /><testcase classname="tests.test_benchmark_metrics" name="test_layer_breakdown_credits_each_layer" time="0.000" /><testcase classname="tests.test_benchmark_metrics" name="test_mismatched_lengths_raises" time="0.000" /><testcase classname="tests.test_benchmark_metrics" name="test_greedy_matching_prefers_best_iou" time="0.000" /><testcase classname="tests.test_ensemble.TestEnsembleMerge" name="test_empty_input" time="0.000" /><testcase classname="tests.test_ensemble.TestEnsembleMerge" name="test_single_entity_passthrough" time="0.000" /><testcase classname="tests.test_ensemble.TestEnsembleMerge" name="test_non_overlapping_stay_separate" time="0.000" /><testcase classname="tests.test_ensemble.TestConfidenceAggregation" name="test_two_sources_combined" time="0.013" /><testcase classname="tests.test_ensemble.TestConfidenceAggregation" name="test_three_sources_combined" time="0.000" /><testcase classname="tests.test_ensemble.TestConfidenceAggregation" name="test_combined_score_always_higher" time="0.000" /><testcase classname="tests.test_ensemble.TestEntityGroupResolution" name="test_highest_score_wins" time="0.000" /><testcase classname="tests.test_ensemble.TestEntityGroupResolution" name="test_lower_score_group_not_used" time="0.000" /><testcase classname="tests.test_ensemble.TestSourceTracking" name="test_single_source" time="0.000" /><testcase classname="tests.test_ensemble.TestSourceTracking" name="test_ensemble_source_label" time="0.000" /><testcase classname="tests.test_ensemble.TestSourceTracking" name="test_deduplicated_sources" time="0.000" /><testcase classname="tests.test_ensemble.TestSpanMerging" name="test_wider_span_used" time="0.000" /><testcase classname="tests.test_ensemble.TestSpanMerging" name="test_union_span_from_text" time="0.000" /><testcase classname="tests.test_ensemble.TestSpanMerging" name="test_partial_overlap_merged" time="0.000" /><testcase classname="tests.test_ensemble.TestContextPreservation" name="test_context_preserved" time="0.000" /><testcase classname="tests.test_entity_resolver.TestCanonicalKeyPER" name="test_simple_name" time="0.002" /><testcase classname="tests.test_entity_resolver.TestCanonicalKeyPER" name="test_dr_title_stripped" time="0.000" /><testcase classname="tests.test_entity_resolver.TestCanonicalKeyPER" name="test_mag_title_stripped" time="0.000" /><testcase classname="tests.test_entity_resolver.TestCanonicalKeyPER" name="test_mag_a_female_title" time="0.000" /><testcase classname="tests.test_entity_resolver.TestCanonicalKeyPER" name="test_prof_stripped" time="0.000" /><testcase classname="tests.test_entity_resolver.TestCanonicalKeyPER" name="test_herr_frau_stripped" time="0.000" /><testcase classname="tests.test_entity_resolver.TestCanonicalKeyPER" name="test_multiple_titles" time="0.000" /><testcase classname="tests.test_entity_resolver.TestCanonicalKeyPER" name="test_article_stripped" time="0.000" /><testcase classname="tests.test_entity_resolver.TestCanonicalKeyPER" name="test_von_preserved" time="0.000" /><testcase classname="tests.test_entity_resolver.TestCanonicalKeyPER" name="test_hyphenated_name_preserved" time="0.000" /><testcase classname="tests.test_entity_resolver.TestCanonicalKeyPER" name="test_only_title_falls_back" time="0.000" /><testcase classname="tests.test_entity_resolver.TestCanonicalKeyORG" name="test_simple_org" time="0.000" /><testcase classname="tests.test_entity_resolver.TestCanonicalKeyORG" name="test_gmbh_stripped" time="0.000" /><testcase classname="tests.test_entity_resolver.TestCanonicalKeyORG" name="test_ag_stripped" time="0.000" /><testcase classname="tests.test_entity_resolver.TestCanonicalKeyORG" name="test_kg_stripped" time="0.000" /><testcase classname="tests.test_entity_resolver.TestCanonicalKeyORG" name="test_firma_stripped" time="0.000" /><testcase classname="tests.test_entity_resolver.TestCanonicalKeyORG" name="test_article_and_suffix" time="0.000" /><testcase classname="tests.test_entity_resolver.TestCanonicalKeyORG" name="test_complex_legal_form" time="0.000" /><testcase classname="tests.test_entity_resolver.TestCanonicalKeyORG" name="test_org_detected_group" time="0.000" /><testcase classname="tests.test_entity_resolver.TestCanonicalKeyOther" name="test_email_lowercase" time="0.000" /><testcase classname="tests.test_entity_resolver.TestCanonicalKeyOther" name="test_iban_lowercase" time="0.000" /><testcase classname="tests.test_entity_resolver.TestCanonicalKeyOther" name="test_loc_lowercase" time="0.000" /><testcase classname="tests.test_entity_resolver.TestCanonicalKeyOther" name="test_empty_word" time="0.000" /><testcase classname="tests.test_entity_resolver.TestResolveEntitiesBasic" name="test_empty_list" time="0.000" /><testcase classname="tests.test_entity_resolver.TestResolveEntitiesBasic" name="test_single_entity" time="0.000" /><testcase classname="tests.test_entity_resolver.TestResolveEntitiesBasic" name="test_distinct_entities" time="0.000" /><testcase classname="tests.test_entity_resolver.TestResolveEntitiesBasic" name="test_identical_entities" time="0.000" /><testcase classname="tests.test_entity_resolver.TestResolveEntitiesPER" name="test_title_variations_match" time="0.000" /><testcase classname="tests.test_entity_resolver.TestResolveEntitiesPER" name="test_partial_first_name_unambiguous" time="0.000" /><testcase classname="tests.test_entity_resolver.TestResolveEntitiesPER" name="test_partial_last_name_unambiguous" time="0.000" /><testcase classname="tests.test_entity_resolver.TestResolveEntitiesPER" name="test_ambiguous_partial_not_linked" time="0.000" /><testcase classname="tests.test_entity_resolver.TestResolveEntitiesPER" name="test_partial_not_in_full_names_unchanged" time="0.000" /><testcase classname="tests.test_entity_resolver.TestResolveEntitiesPhonetic" name="test_umlaut_variant_linked" time="0.000" /><testcase classname="tests.test_entity_resolver.TestResolveEntitiesPhonetic" name="test_meyer_variant_linked" time="0.000" /><testcase classname="tests.test_entity_resolver.TestResolveEntitiesPhonetic" name="test_phonetic_ambiguity_not_linked" time="0.000" /><testcase classname="tests.test_entity_resolver.TestResolveEntitiesPhonetic" name="test_literal_match_preferred_over_phonetic" time="0.000" /><testcase classname="tests.test_entity_resolver.TestResolveEntitiesORG" name="test_org_variants_match" time="0.000" /><testcase classname="tests.test_entity_resolver.TestResolveEntitiesCrossType" name="test_per_and_loc_with_same_word" time="0.000" /><testcase classname="tests.test_entity_resolver.TestResolveEntitiesCrossType" name="test_per_partial_does_not_match_org" time="0.000" /><testcase classname="tests.test_healthcare.TestICD10Validation" name="test_valid_code" time="0.001" /><testcase classname="tests.test_healthcare.TestICD10Validation" name="test_valid_code_without_subcategory" time="0.000" /><testcase classname="tests.test_healthcare.TestICD10Validation" name="test_out_of_range" time="0.000" /><testcase classname="tests.test_healthcare.TestICD10Validation" name="test_wrong_letter_prefix" time="0.000" /><testcase classname="tests.test_healthcare.TestICD10Validation" name="test_empty" time="0.000" /><testcase classname="tests.test_healthcare.TestATICD10Recognizer" name="test_requires_context" time="0.000" /><testcase classname="tests.test_healthcare.TestATICD10Recognizer" name="test_valid_with_context" time="0.000" /><testcase classname="tests.test_healthcare.TestATICD10Recognizer" name="test_invalid_code_rejected" time="0.000" /><testcase classname="tests.test_healthcare.TestIFGArt9Aggregation" name="test_art9_collapses_to_besondere_kategorie" time="0.000" /><testcase classname="tests.test_healthcare.TestIFGArt9Aggregation" name="test_normal_categories_preserved" time="0.000" /><testcase classname="tests.test_healthcare.TestKAPAArt9AlwaysFlagged" name="test_art9_flagged_even_with_high_confidence" time="0.000" /><testcase classname="tests.test_healthcare.TestKAPAArt9AlwaysFlagged" name="test_non_art9_follows_review_threshold" time="0.000" /><testcase classname="tests.test_integration.TestGovGPTIntegration" name="test_bescheid_anonymizes_all_pii" time="0.002" /><testcase classname="tests.test_integration.TestGovGPTIntegration" name="test_bescheid_mapping_is_reversible" time="0.001" /><testcase classname="tests.test_integration.TestGovGPTIntegration" name="test_quality_report_clean" time="0.001" /><testcase classname="tests.test_integration.TestGovGPTIntegration" name="test_clean_document_no_entities" time="0.000" /><testcase classname="tests.test_integration.TestIFGIntegration" name="test_ifg_irreversible_placeholders" time="0.001" /><testcase classname="tests.test_integration.TestIFGIntegration" name="test_ifg_no_mapping_exposed" time="0.001" /><testcase classname="tests.test_integration.TestIFGIntegration" name="test_ifg_redaction_protocol_has_counts" time="0.001" /><testcase classname="tests.test_integration.TestKAPAIntegration" name="test_kapa_has_audit_entries" time="0.001" /><testcase classname="tests.test_integration.TestKAPAIntegration" name="test_kapa_anonymizes_entities" time="0.001" /><testcase classname="tests.test_integration.TestCrossChannelConsistency" name="test_all_channels_catch_same_regex_pii" time="0.002" /><testcase classname="tests.test_integration.TestCrossChannelConsistency" name="test_entity_count_consistent_across_channels" time="0.002" /><testcase classname="tests.test_kapa_art9_optout.TestArt9DefaultBehaviour" name="test_high_score_art9_flagged_by_default" time="0.001" /><testcase classname="tests.test_kapa_art9_optout.TestArt9DefaultBehaviour" name="test_high_score_non_art9_anonymised_by_default" time="0.000" /><testcase classname="tests.test_kapa_art9_optout.TestArt9OptOut" name="test_high_score_art9_anonymised_when_opt_out" time="0.000" /><testcase classname="tests.test_kapa_art9_optout.TestArt9OptOut" name="test_low_score_art9_still_flagged_when_opt_out" time="0.000" /><testcase classname="tests.test_kapa_art9_optout.TestPlaceholderActionInvariant" name="test_invariant_holds_default" time="0.000" /><testcase classname="tests.test_kapa_art9_optout.TestPlaceholderActionInvariant" name="test_invariant_holds_opt_out" time="0.000" /><testcase classname="tests.test_model_integrity.TestLoadManifest" name="test_missing_file_returns_empty" time="0.000" /><testcase classname="tests.test_model_integrity.TestLoadManifest" name="test_loads_json" time="0.000" /><testcase classname="tests.test_model_integrity.TestVerifyModel" name="test_no_manifest_entry_passes" time="0.000" /><testcase classname="tests.test_model_integrity.TestVerifyModel" name="test_matching_checksums" time="0.005" /><testcase classname="tests.test_model_integrity.TestVerifyModel" name="test_mismatch" time="0.001" /><testcase classname="tests.test_model_integrity.TestVerifyModel" name="test_missing_snapshot" time="0.000" /><testcase classname="tests.test_normalizer.TestRemoveInvisible" name="test_zero_width_space" time="0.000" /><testcase classname="tests.test_normalizer.TestRemoveInvisible" name="test_zero_width_joiner" time="0.000" /><testcase classname="tests.test_normalizer.TestRemoveInvisible" name="test_soft_hyphen" time="0.000" /><testcase classname="tests.test_normalizer.TestRemoveInvisible" name="test_bom" time="0.000" /><testcase classname="tests.test_normalizer.TestRemoveInvisible" name="test_multiple_invisible" time="0.000" /><testcase classname="tests.test_normalizer.TestRemoveInvisible" name="test_no_invisible" time="0.000" /><testcase classname="tests.test_normalizer.TestRemoveInvisible" name="test_empty_string" time="0.000" /><testcase classname="tests.test_normalizer.TestReplaceHomoglyphs" name="test_cyrillic_lowercase_a" time="0.000" /><testcase classname="tests.test_normalizer.TestReplaceHomoglyphs" name="test_cyrillic_lowercase_o" time="0.000" /><testcase classname="tests.test_normalizer.TestReplaceHomoglyphs" name="test_cyrillic_uppercase_m" time="0.000" /><testcase classname="tests.test_normalizer.TestReplaceHomoglyphs" name="test_mixed_cyrillic_latin" time="0.000" /><testcase classname="tests.test_normalizer.TestReplaceHomoglyphs" name="test_cyrillic_uppercase_p" time="0.000" /><testcase classname="tests.test_normalizer.TestReplaceHomoglyphs" name="test_greek_omicron" time="0.000" /><testcase classname="tests.test_normalizer.TestReplaceHomoglyphs" name="test_no_homoglyphs" time="0.000" /><testcase classname="tests.test_normalizer.TestReplaceHomoglyphs" name="test_preserves_real_cyrillic" time="0.000" /><testcase classname="tests.test_normalizer.TestNormalizeUnicode" name="test_fullwidth_letter" time="0.001" /><testcase classname="tests.test_normalizer.TestNormalizeUnicode" name="test_fullwidth_digits" time="0.000" /><testcase classname="tests.test_normalizer.TestNormalizeUnicode" name="test_composed_umlaut" time="0.000" /><testcase classname="tests.test_normalizer.TestNormalizeUnicode" name="test_preserves_german_umlauts" time="0.000" /><testcase classname="tests.test_normalizer.TestNormalizeUnicode" name="test_superscript_digits" time="0.000" /><testcase classname="tests.test_normalizer.TestNormalizeWhitespace" name="test_multiple_spaces" time="0.000" /><testcase classname="tests.test_normalizer.TestNormalizeWhitespace" name="test_tabs" time="0.000" /><testcase classname="tests.test_normalizer.TestNormalizeWhitespace" name="test_mixed_space_tab" time="0.000" /><testcase classname="tests.test_normalizer.TestNormalizeWhitespace" name="test_preserves_newlines" time="0.000" /><testcase classname="tests.test_normalizer.TestNormalizeWhitespace" name="test_preserves_single_spaces" time="0.000" /><testcase classname="tests.test_normalizer.TestNormalizeAdversarial" name="test_combined_zero_width_and_homoglyph" time="0.000" /><testcase classname="tests.test_normalizer.TestNormalizeAdversarial" name="test_fullwidth_iban_digits" time="0.000" /><testcase classname="tests.test_normalizer.TestNormalizeAdversarial" name="test_clean_text_unchanged" time="0.000" /><testcase classname="tests.test_normalizer.TestNormalizeAdversarial" name="test_preserves_german_special_chars" time="0.000" /><testcase classname="tests.test_normalizer.TestNormalizeAdversarial" name="test_email_with_invisible_chars" time="0.000" /><testcase classname="tests.test_normalizer.TestNormalizeAdversarial" name="test_phone_with_zero_width" time="0.000" /><testcase classname="tests.test_normalizer.TestNormalizeAdversarial" name="test_idempotent" time="0.000" /><testcase classname="tests.test_normalizer.TestRTLOverride" name="test_rtl_override_stripped" time="0.000" /><testcase classname="tests.test_normalizer.TestRTLOverride" name="test_lri_stripped" time="0.000" /><testcase classname="tests.test_normalizer.TestMathematicalAlphabet" name="test_bold_letters" time="0.000" /><testcase classname="tests.test_normalizer.TestRejoinHyphenation" name="test_basic_hyphen_linebreak" time="0.000" /><testcase classname="tests.test_normalizer.TestRejoinHyphenation" name="test_hyphen_with_spaces" time="0.000" /><testcase classname="tests.test_normalizer.TestRejoinHyphenation" name="test_no_hyphen_no_change" time="0.000" /><testcase classname="tests.test_normalizer.TestRejoinHyphenation" name="test_in_full_pipeline" time="0.000" /><testcase classname="tests.test_normalizer.TestLeetspeak" name="test_fold_after_herr" time="0.000" /><testcase classname="tests.test_normalizer.TestLeetspeak" name="test_fold_after_frau_with_at" time="0.000" /><testcase classname="tests.test_normalizer.TestLeetspeak" name="test_iban_digits_not_folded" time="0.000" /><testcase classname="tests.test_normalizer.TestLeetspeak" name="test_svnr_digits_not_folded" time="0.000" /><testcase classname="tests.test_normalizer.TestLeetspeak" name="test_honorific_dr" time="0.000" /><testcase classname="tests.test_normalizer.TestLeetspeak" name="test_opt_out" time="0.000" /><testcase classname="tests.test_phonetic.TestColognePhonetic" name="test_empty" time="0.000" /><testcase classname="tests.test_phonetic.TestColognePhonetic" name="test_single_letter" time="0.000" /><testcase classname="tests.test_phonetic.TestColognePhonetic" name="test_non_letters" time="0.000" /><testcase classname="tests.test_phonetic.TestColognePhonetic" name="test_meyer_variants_all_equal" time="0.000" /><testcase classname="tests.test_phonetic.TestColognePhonetic" name="test_mueller_variants_equal" time="0.000" /><testcase classname="tests.test_phonetic.TestColognePhonetic" name="test_mueller_code" time="0.000" /><testcase classname="tests.test_phonetic.TestColognePhonetic" name="test_schmidt" time="0.000" /><testcase classname="tests.test_phonetic.TestColognePhonetic" name="test_umlaut_normalization" time="0.000" /><testcase classname="tests.test_phonetic.TestColognePhonetic" name="test_ß_treated_as_s" time="0.000" /><testcase classname="tests.test_phonetic.TestColognePhonetic" name="test_different_names_different_codes" time="0.000" /><testcase classname="tests.test_phonetic.TestColognePhonetic" name="test_h_is_silent" time="0.000" /><testcase classname="tests.test_phonetic.TestColognePhonetic" name="test_ph_encodes_as_f" time="0.000" /><testcase classname="tests.test_phonetic.TestColognePhonetic" name="test_initial_c_before_vowel" time="0.000" /><testcase classname="tests.test_phonetic.TestColognePhonetic" name="test_case_insensitive" time="0.000" /><testcase classname="tests.test_phonetic.TestPhoneticEqual" name="test_equal_variants" time="0.000" /><testcase classname="tests.test_phonetic.TestPhoneticEqual" name="test_not_equal" time="0.000" /><testcase classname="tests.test_phonetic.TestPhoneticEqual" name="test_empty_strings" time="0.000" /><testcase classname="tests.test_pipeline_unit.TestDetectEntryPoint" name="test_detect_returns_tuple" time="0.000" /><testcase classname="tests.test_pipeline_unit.TestDetectEntryPoint" name="test_detect_finds_email" time="0.000" /><testcase classname="tests.test_pipeline_unit.TestDetectEntryPoint" name="test_detect_empty_text" time="0.000" /><testcase classname="tests.test_pipeline_unit.TestDetectEntryPoint" name="test_detect_sorted_by_position" time="0.000" /><testcase classname="tests.test_pipeline_unit.TestSettingsToggles" name="test_regex_fallback_off" time="0.000" /><testcase classname="tests.test_pipeline_unit.TestSettingsToggles" name="test_presidio_compat_off" time="0.000" /><testcase classname="tests.test_pipeline_unit.TestSettingsToggles" name="test_adversarial_normalization_off" time="0.000" /><testcase classname="tests.test_pipeline_unit.TestSettingsToggles" name="test_encoding_fix_off" time="0.000" /><testcase classname="tests.test_pipeline_unit.TestQualityCheckToggle" name="test_quality_check_on" time="0.000" /><testcase classname="tests.test_pipeline_unit.TestQualityCheckToggle" name="test_quality_check_off" time="0.000" /><testcase classname="tests.test_pipeline_unit.TestAnonymizeBackwardCompat" name="test_anonymize_basic" time="0.000" /><testcase classname="tests.test_pipeline_unit.TestAnonymizeBackwardCompat" name="test_anonymize_empty_entities" time="0.000" /><testcase classname="tests.test_pipeline_unit.TestUnknownChannelRaises" name="test_unknown_channel" time="0.000" /><testcase classname="tests.test_pipeline_unit.TestDetectedEntityContract" name="test_entities_have_required_fields" time="0.000" /><testcase classname="tests.test_pipeline_unit.TestDetectedEntityContract" name="test_spans_within_text" time="0.001" /><testcase classname="tests.test_quality_check.TestCleanOutput" name="test_empty_text" time="0.000" /><testcase classname="tests.test_quality_check.TestCleanOutput" name="test_plain_text_no_entities" time="0.000" /><testcase classname="tests.test_quality_check.TestCleanOutput" name="test_placeholder_only" time="0.000" /><testcase classname="tests.test_quality_check.TestCleanOutput" name="test_entity_fully_anonymized" time="0.000" /><testcase classname="tests.test_quality_check.TestRegexLeaks" name="test_email_leak" time="0.000" /><testcase classname="tests.test_quality_check.TestRegexLeaks" name="test_email_inside_placeholder_not_flagged" time="0.000" /><testcase classname="tests.test_quality_check.TestRegexLeaks" name="test_iban_leak" time="0.000" /><testcase classname="tests.test_quality_check.TestRegexLeaks" name="test_svnr_leak" time="0.000" /><testcase classname="tests.test_quality_check.TestRegexLeaks" name="test_phone_leak" time="0.000" /><testcase classname="tests.test_quality_check.TestRegexLeaks" name="test_multiple_leaks_counted" time="0.000" /><testcase classname="tests.test_quality_check.TestEntityWordLeaks" name="test_entity_word_still_in_output" time="0.000" /><testcase classname="tests.test_quality_check.TestEntityWordLeaks" name="test_entity_without_placeholder_ignored" time="0.000" /><testcase classname="tests.test_quality_check.TestEntityWordLeaks" name="test_case_insensitive_leak" time="0.000" /><testcase classname="tests.test_quality_check.TestEntityWordLeaks" name="test_word_boundary_no_false_positive" time="0.000" /><testcase classname="tests.test_quality_check.TestEntityWordLeaks" name="test_entity_word_only_in_placeholder_passes" time="0.000" /><testcase classname="tests.test_quality_check.TestPlaceholderFormat" name="test_valid_govgpt_format" time="0.000" /><testcase classname="tests.test_quality_check.TestPlaceholderFormat" name="test_valid_ifg_format" time="0.000" /><testcase classname="tests.test_quality_check.TestPlaceholderFormat" name="test_valid_kapa_review_format" time="0.000" /><testcase classname="tests.test_quality_check.TestPlaceholderFormat" name="test_malformed_no_number" time="0.000" /><testcase classname="tests.test_quality_check.TestPlaceholderFormat" name="test_malformed_lowercase" time="0.000" /><testcase classname="tests.test_quality_check.TestPlaceholderFormat" name="test_combined_issues" time="0.000" /><testcase classname="tests.test_quality_check.TestNameDictLeakage" name="test_first_plus_last_flagged_as_leak" time="0.000" /><testcase classname="tests.test_quality_check.TestNameDictLeakage" name="test_single_surname_is_warning_not_leak" time="0.000" /><testcase classname="tests.test_quality_check.TestNameDictLeakage" name="test_rescan_skipped_when_no_anonymization" time="0.000" /><testcase classname="tests.test_quality_check.TestNameDictLeakage" name="test_first_name_inside_placeholder_ignored" time="0.000" /><testcase classname="tests.test_quality_check.TestNameDictLeakage" name="test_non_name_word_not_flagged" time="0.000" /><testcase classname="tests.test_quality_check.TestQualityReportSerialization" name="test_empty_report" time="0.000" /><testcase classname="tests.test_quality_check.TestQualityReportSerialization" name="test_report_with_issue" time="0.000" /><testcase classname="tests.test_recognizers.TestPatternDataclass" name="test_create_pattern" time="0.000" /><testcase classname="tests.test_recognizers.TestPatternDataclass" name="test_pattern_is_frozen" time="0.000" /><testcase classname="tests.test_recognizers.TestPatternRecognizerBase" name="test_compiles_patterns" time="0.000" /><testcase classname="tests.test_recognizers.TestPatternRecognizerBase" name="test_finds_matches" time="0.000" /><testcase classname="tests.test_recognizers.TestPatternRecognizerBase" name="test_no_match" time="0.000" /><testcase classname="tests.test_recognizers.TestPatternRecognizerBase" name="test_short_number_not_matched" time="0.000" /><testcase classname="tests.test_recognizers.TestPatternRecognizerBase" name="test_context_boost" time="0.000" /><testcase classname="tests.test_recognizers.TestPatternRecognizerBase" name="test_context_clamped_to_one" time="0.000" /><testcase classname="tests.test_recognizers.TestPatternRecognizerBase" name="test_validation_can_filter_matches" time="0.000" /><testcase classname="tests.test_recognizers.TestATSVNRRecognizer" name="test_svnr_with_space" time="0.000" /><testcase classname="tests.test_recognizers.TestATSVNRRecognizer" name="test_svnr_invalid_month_rejected" time="0.000" /><testcase classname="tests.test_recognizers.TestATSVNRRecognizer" name="test_svnr_invalid_day_rejected" time="0.000" /><testcase classname="tests.test_recognizers.TestATSVNRRecognizer" name="test_svnr_context_boost" time="0.000" /><testcase classname="tests.test_recognizers.TestATIBANRecognizer" name="test_iban_with_spaces" time="0.000" /><testcase classname="tests.test_recognizers.TestATIBANRecognizer" name="test_iban_without_spaces" time="0.000" /><testcase classname="tests.test_recognizers.TestATIBANRecognizer" name="test_invalid_checksum_rejected" time="0.000" /><testcase classname="tests.test_recognizers.TestATUIDRecognizer" name="test_valid_uid" time="0.000" /><testcase classname="tests.test_recognizers.TestATUIDRecognizer" name="test_invalid_uid_checksum_rejected" time="0.000" /><testcase classname="tests.test_recognizers.TestATUIDRecognizer" name="test_uid_context_boost" time="0.000" /><testcase classname="tests.test_recognizers.TestATBICRecognizer" name="test_valid_bic_with_context" time="0.000" /><testcase classname="tests.test_recognizers.TestATBICRecognizer" name="test_invalid_bic_rejected" time="0.000" /><testcase classname="tests.test_recognizers.TestATBICRecognizer" name="test_bic_without_context_low_score" time="0.000" /><testcase classname="tests.test_recognizers.TestATKFZRecognizer" name="test_wien_plate" time="0.000" /><testcase classname="tests.test_recognizers.TestATKFZRecognizer" name="test_steiermark_plate" time="0.000" /><testcase classname="tests.test_recognizers.TestATKFZRecognizer" name="test_no_kfz" time="0.000" /><testcase classname="tests.test_recognizers.TestATFirmenbuchRecognizer" name="test_basic_fn" time="0.000" /><testcase classname="tests.test_recognizers.TestATFirmenbuchRecognizer" name="test_fn_without_space" time="0.000" /><testcase classname="tests.test_recognizers.TestATFirmenbuchRecognizer" name="test_fn_context_boost" time="0.000" /><testcase classname="tests.test_recognizers.TestATPassportRecognizer" name="test_passport_low_score_without_context" time="0.000" /><testcase classname="tests.test_recognizers.TestATPassportRecognizer" name="test_passport_high_score_with_context" time="0.000" /><testcase classname="tests.test_recognizers.TestATAktenzahlRecognizer" name="test_gz_format" time="0.000" /><testcase classname="tests.test_recognizers.TestATAktenzahlRecognizer" name="test_az_format" time="0.000" /><testcase classname="tests.test_recognizers.TestATAktenzahlRecognizer" name="test_zl_format" time="0.000" /><testcase classname="tests.test_recognizers.TestATNameRecognizer" name="test_known_firstname" time="0.000" /><testcase classname="tests.test_recognizers.TestATNameRecognizer" name="test_known_lastname" time="0.000" /><testcase classname="tests.test_recognizers.TestATNameRecognizer" name="test_unknown_word_not_matched" time="0.000" /><testcase classname="tests.test_recognizers.TestATNameRecognizer" name="test_non_name_capitalized_not_matched" time="0.000" /><testcase classname="tests.test_recognizers.TestATNameRecognizer" name="test_short_words_skipped" time="0.000" /><testcase classname="tests.test_recognizers.TestATFuehrerscheinRecognizer" name="test_with_context" time="0.000" /><testcase classname="tests.test_recognizers.TestATFuehrerscheinRecognizer" name="test_without_context_dropped" time="0.000" /><testcase classname="tests.test_recognizers.TestATZMRRecognizer" name="test_with_context" time="0.000" /><testcase classname="tests.test_recognizers.TestATZMRRecognizer" name="test_without_context_dropped" time="0.000" /><testcase classname="tests.test_recognizers.TestATGerichtsaktenzahlRecognizer" name="test_ob_format" time="0.000" /><testcase classname="tests.test_recognizers.TestATGerichtsaktenzahlRecognizer" name="test_os_format" time="0.000" /><testcase classname="tests.test_recognizers.TestATGerichtsaktenzahlRecognizer" name="test_obs_format" time="0.000" /><testcase classname="tests.test_recognizers.TestPresidioCompatLayer" name="test_layer_runs_all_recognizers" time="0.000" /><testcase classname="tests.test_recognizers.TestPresidioCompatLayer" name="test_threshold_filter" time="0.000" /><testcase classname="tests.test_recognizers.TestPresidioCompatLayer" name="test_returns_detected_entity" time="0.000" /><testcase classname="tests.test_recognizers.TestPresidioCompatLayer" name="test_custom_recognizer_set" time="0.000" /><testcase classname="tests.test_recognizers.TestPresidioCompatLayer" name="test_empty_text" time="0.001" /><testcase classname="tests.test_regex_layer.TestEmailRegex" name="test_simple_email" time="0.000" /><testcase classname="tests.test_regex_layer.TestEmailRegex" name="test_multiple_emails" time="0.000" /><testcase classname="tests.test_regex_layer.TestEmailRegex" name="test_no_email" time="0.000" /><testcase classname="tests.test_regex_layer.TestEmailRegex" name="test_email_confidence" time="0.000" /><testcase classname="tests.test_regex_layer.TestTitledNames" name="test_herr_name" time="0.000" /><testcase classname="tests.test_regex_layer.TestTitledNames" name="test_frau_name" time="0.000" /><testcase classname="tests.test_regex_layer.TestTitledNames" name="test_frau_with_title" time="0.000" /><testcase classname="tests.test_regex_layer.TestTitledNames" name="test_full_name" time="0.000" /><testcase classname="tests.test_regex_layer.TestTitledNames" name="test_mag_title" time="0.000" /><testcase classname="tests.test_regex_layer.TestTitledNames" name="test_multiple_titles" time="0.000" /><testcase classname="tests.test_regex_layer.TestLabeledNames" name="test_protokollfuehrer" time="0.000" /><testcase classname="tests.test_regex_layer.TestLabeledNames" name="test_verfasser" time="0.000" /><testcase classname="tests.test_regex_layer.TestLabeledNames" name="test_erstellt_von" time="0.000" /><testcase classname="tests.test_regex_layer.TestBlacklist" name="test_blacklisted_word" time="0.000" /><testcase classname="tests.test_regex_layer.TestBlacklist" name="test_not_blacklisted" time="0.000" /><testcase classname="tests.test_regex_layer.TestBlacklist" name="test_short_words" time="0.000" /><testcase classname="tests.test_regex_layer.TestBlacklist" name="test_admin_terms" time="0.000" /><testcase classname="tests.test_regex_layer.TestIBANRegex" name="test_at_iban_with_spaces" time="0.000" /><testcase classname="tests.test_regex_layer.TestIBANRegex" name="test_at_iban_without_spaces" time="0.000" /><testcase classname="tests.test_regex_layer.TestIBANRegex" name="test_de_iban" time="0.026" /><testcase classname="tests.test_regex_layer.TestIBANRegex" name="test_no_iban" time="0.000" /><testcase classname="tests.test_regex_layer.TestSVNrRegex" name="test_svnr_with_space" time="0.000" /><testcase classname="tests.test_regex_layer.TestSVNrRegex" name="test_svnr_without_space" time="0.000" /><testcase classname="tests.test_regex_layer.TestSVNrRegex" name="test_svnr_invalid_month" time="0.000" /><testcase classname="tests.test_regex_layer.TestSVNrRegex" name="test_svnr_invalid_day" time="0.000" /><testcase classname="tests.test_regex_layer.TestSVNrRegex" name="test_svnr_valid_edge_dates" time="0.000" /><testcase classname="tests.test_regex_layer.TestTaxNumberRegex" name="test_tax_number_dash_slash" time="0.000" /><testcase classname="tests.test_regex_layer.TestTaxNumberRegex" name="test_tax_number_slashes" time="0.000" /><testcase classname="tests.test_regex_layer.TestTaxNumberRegex" name="test_no_tax_number" time="0.000" /><testcase classname="tests.test_regex_layer.TestBirthDateRegex" name="test_standard_format" time="0.000" /><testcase classname="tests.test_regex_layer.TestBirthDateRegex" name="test_dash_format" time="0.000" /><testcase classname="tests.test_regex_layer.TestBirthDateRegex" name="test_slash_format" time="0.000" /><testcase classname="tests.test_regex_layer.TestBirthDateRegex" name="test_single_digit_day_month" time="0.000" /><testcase classname="tests.test_regex_layer.TestBirthDateRegex" name="test_invalid_month" time="0.000" /><testcase classname="tests.test_regex_layer.TestBirthDateRegex" name="test_invalid_day" time="0.000" /><testcase classname="tests.test_regex_layer.TestBirthDateRegex" name="test_future_century_not_matched" time="0.000" /><testcase classname="tests.test_regex_layer.TestLongDateRegex" name="test_dezember" time="0.000" /><testcase classname="tests.test_regex_layer.TestLongDateRegex" name="test_maerz_umlaut" time="0.000" /><testcase classname="tests.test_regex_layer.TestLongDateRegex" name="test_maerz_ascii" time="0.000" /><testcase classname="tests.test_regex_layer.TestLongDateRegex" name="test_invalid_day_rejected" time="0.000" /><testcase classname="tests.test_regex_layer.TestAktenzahlRegex" name="test_gz_format" time="0.000" /><testcase classname="tests.test_regex_layer.TestAktenzahlRegex" name="test_az_format" time="0.000" /><testcase classname="tests.test_regex_layer.TestAktenzahlRegex" name="test_zl_format" time="0.000" /><testcase classname="tests.test_regex_layer.TestAktenzahlRegex" name="test_no_aktenzahl" time="0.000" /><testcase classname="tests.test_regex_layer.TestPassportRegex" name="test_passport_with_context" time="0.000" /><testcase classname="tests.test_regex_layer.TestPassportRegex" name="test_passport_pass_nr" time="0.000" /><testcase classname="tests.test_regex_layer.TestPassportRegex" name="test_passport_without_context" time="0.000" /><testcase classname="tests.test_regex_layer.TestPassportRegex" name="test_passport_passnummer" time="0.000" /><testcase classname="tests.test_regex_layer.TestIDCardRegex" name="test_id_with_context" time="0.000" /><testcase classname="tests.test_regex_layer.TestIDCardRegex" name="test_id_without_context" time="0.000" /><testcase classname="tests.test_regex_layer.TestLicensePlateRegex" name="test_wien" time="0.000" /><testcase classname="tests.test_regex_layer.TestLicensePlateRegex" name="test_wien_space" time="0.000" /><testcase classname="tests.test_regex_layer.TestLicensePlateRegex" name="test_niederoesterreich" time="0.000" /><testcase classname="tests.test_regex_layer.TestLicensePlateRegex" name="test_steiermark" time="0.000" /><testcase classname="tests.test_regex_layer.TestLicensePlateRegex" name="test_bezirk_graz_umgebung" time="0.000" /><testcase classname="tests.test_regex_layer.TestLicensePlateRegex" name="test_salzburg" time="0.000" /><testcase classname="tests.test_regex_layer.TestLicensePlateRegex" name="test_tirol" time="0.000" /><testcase classname="tests.test_regex_layer.TestLicensePlateRegex" name="test_kaernten" time="0.000" /><testcase classname="tests.test_regex_layer.TestLicensePlateRegex" name="test_burgenland" time="0.000" /><testcase classname="tests.test_regex_layer.TestLicensePlateRegex" name="test_vorarlberg" time="0.000" /><testcase classname="tests.test_regex_layer.TestPhoneRegex" name="test_international_format" time="0.000" /><testcase classname="tests.test_regex_layer.TestPhoneRegex" name="test_double_zero_format" time="0.000" /><testcase classname="tests.test_regex_layer.TestPhoneRegex" name="test_mobile_0664" time="0.000" /><testcase classname="tests.test_regex_layer.TestPhoneRegex" name="test_mobile_0660" time="0.000" /><testcase classname="tests.test_regex_layer.TestPhoneRegex" name="test_mobile_0676" time="0.000" /><testcase classname="tests.test_regex_layer.TestPhoneRegex" name="test_mobile_0699" time="0.000" /><testcase classname="tests.test_regex_layer.TestPhoneRegex" name="test_landline_wien" time="0.000" /><testcase classname="tests.test_regex_layer.TestPhoneRegex" name="test_landline_graz" time="0.000" /><testcase classname="tests.test_regex_layer.TestPhoneRegex" name="test_no_phone" time="0.000" /><testcase classname="tests.test_regex_layer.TestAddressRegex" name="test_street_with_house_number" time="0.000" /><testcase classname="tests.test_regex_layer.TestAddressRegex" name="test_strasse_format" time="0.000" /><testcase classname="tests.test_regex_layer.TestAddressRegex" name="test_weg" time="0.000" /><testcase classname="tests.test_regex_layer.TestAddressRegex" name="test_platz" time="0.000" /><testcase classname="tests.test_regex_layer.TestAddressRegex" name="test_ring" time="0.000" /><testcase classname="tests.test_regex_layer.TestAddressRegex" name="test_plz_ort" time="0.000" /><testcase classname="tests.test_regex_layer.TestAddressRegex" name="test_standalone_plz_ort" time="0.000" /><testcase classname="tests.test_regex_layer.TestAddressRegex" name="test_compound_street_name" time="0.000" /><testcase classname="tests.test_regex_layer.TestAddressRegex" name="test_house_number_with_apartment" time="0.000" /><testcase classname="tests.test_regex_layer.TestAddressRegex" name="test_no_address" time="0.000" /><testcase classname="tests.test_regex_layer.TestQuasiIdentifiers" name="test_role_plus_location_plus_age" time="0.003" /><testcase classname="tests.test_regex_layer.TestQuasiIdentifiers" name="test_no_quasi_id_when_person_detected" time="0.000" /><testcase classname="tests.test_regex_layer.TestQuasiIdentifiers" name="test_single_signal_no_flag" time="0.000" /><testcase classname="tests.test_regex_layer.TestQuasiIdentifiers" name="test_age_reference" time="0.000" /><testcase classname="tests.test_regex_layer.TestRegexLayerIntegration" name="test_sample_document" time="0.001" /><testcase classname="tests.test_regex_layer.TestRegexLayerIntegration" name="test_no_overlap" time="0.000" /><testcase classname="tests.test_regex_layer.TestRegexLayerIntegration" name="test_all_entities_have_required_fields" time="0.000" /><testcase classname="tests.test_regex_layer.TestGovGPTChannel" name="test_basic_placeholder_replacement" time="0.000" /><testcase classname="tests.test_regex_layer.TestGovGPTChannel" name="test_same_entity_gets_same_placeholder" time="0.000" /><testcase classname="tests.test_regex_layer.TestIFGChannel" name="test_irreversible_redaction" time="0.001" /><testcase classname="tests.test_regex_layer.TestIFGChannel" name="test_no_numbering_prevents_correlation" time="0.000" /><testcase classname="tests.test_regex_layer.TestKAPAChannel" name="test_audit_trail" time="0.000" /><testcase classname="tests.test_regex_layer.TestKAPAChannel" name="test_low_confidence_flagged" time="0.000" /><testcase classname="tests.test_regression_check.TestCompare" name="test_no_change_passes" time="0.000" /><testcase classname="tests.test_regression_check.TestCompare" name="test_abs_drop_fails" time="0.000" /><testcase classname="tests.test_regression_check.TestCompare" name="test_critical_recall_fail" time="0.000" /><testcase classname="tests.test_regression_check.TestCompare" name="test_custom_critical_list" time="0.000" /><testcase classname="tests.test_reidentification.TestKEstimate" name="test_zero_signals_gives_max_k" time="0.000" /><testcase classname="tests.test_reidentification.TestKEstimate" name="test_each_extra_signal_shrinks_k" time="0.000" /><testcase classname="tests.test_reidentification.TestKEstimate" name="test_minimum_k_is_one" time="0.000" /><testcase classname="tests.test_reidentification.TestBasicSignals" name="test_role_plus_age_plus_loc_flagged" time="0.000" /><testcase classname="tests.test_reidentification.TestBasicSignals" name="test_single_signal_no_flag" time="0.000" /><testcase classname="tests.test_reidentification.TestBasicSignals" name="test_person_nearby_blocks_flag" time="0.000" /><testcase classname="tests.test_reidentification.TestProfession" name="test_profession_plus_location" time="0.000" /><testcase classname="tests.test_reidentification.TestRelationship" name="test_relationship_signal" time="0.000" /><testcase classname="tests.test_reidentification.TestConfigurableWindow" name="test_custom_window" time="0.000" /><testcase classname="tests.test_reidentification.TestContextLayerShim" name="test_shim_delegates" time="0.000" /><testcase classname="tests.test_reidentification.TestDefaultWindowConstant" name="test_matches_settings_default" time="0.000" /><testcase classname="tests.test_whitelist.TestLegalParagraph" name="test_basic_paragraph" time="0.000" /><testcase classname="tests.test_whitelist.TestLegalParagraph" name="test_paragraph_with_letter" time="0.000" /><testcase classname="tests.test_whitelist.TestLegalParagraph" name="test_paragraph_with_abs" time="0.000" /><testcase classname="tests.test_whitelist.TestLegalParagraph" name="test_paragraph_with_abs_and_ziffer" time="0.000" /><testcase classname="tests.test_whitelist.TestLegalParagraph" name="test_article" time="0.000" /><testcase classname="tests.test_whitelist.TestLegalParagraph" name="test_artikel_full" time="0.000" /><testcase classname="tests.test_whitelist.TestLegalParagraph" name="test_plain_text_not_paragraph" time="0.000" /><testcase classname="tests.test_whitelist.TestLegalParagraph" name="test_empty" time="0.000" /><testcase classname="tests.test_whitelist.TestLegalCodes" name="test_asvg" time="0.000" /><testcase classname="tests.test_whitelist.TestLegalCodes" name="test_dsgvo" time="0.000" /><testcase classname="tests.test_whitelist.TestLegalCodes" name="test_b_vg" time="0.000" /><testcase classname="tests.test_whitelist.TestLegalCodes" name="test_stgb" time="0.000" /><testcase classname="tests.test_whitelist.TestLegalCodes" name="test_unknown_code_not_whitelisted" time="0.000" /><testcase classname="tests.test_whitelist.TestAuthorities" name="test_full_ministry_name" time="0.000" /><testcase classname="tests.test_whitelist.TestAuthorities" name="test_ministry_abbreviation" time="0.000" /><testcase classname="tests.test_whitelist.TestAuthorities" name="test_high_court" time="0.000" /><testcase classname="tests.test_whitelist.TestAuthorities" name="test_oegk" time="0.000" /><testcase classname="tests.test_whitelist.TestAuthorities" name="test_regional_suffix_allowed" time="0.000" /><testcase classname="tests.test_whitelist.TestAuthorities" name="test_case_insensitive" time="0.000" /><testcase classname="tests.test_whitelist.TestEntityGroupGating" name="test_person_name_not_whitelisted" time="0.000" /><testcase classname="tests.test_whitelist.TestEntityGroupGating" name="test_iban_not_whitelisted" time="0.000" /><testcase classname="tests.test_whitelist.TestEntityGroupGating" name="test_loc_whitelisted_for_authority" time="0.000" /><testcase classname="tests.test_whitelist.TestFilterWhitelisted" name="test_removes_only_whitelisted" time="0.000" /><testcase classname="tests.test_whitelist.TestFilterWhitelisted" name="test_empty_list" time="0.000" /><testcase classname="tests.test_whitelist.TestFilterWhitelisted" name="test_no_whitelisted" time="0.000" /><testcase classname="tests.test_whitelist_collisions.TestPersonGroupImmune" name="test_person_named_bmi_not_whitelisted" time="0.000" /><testcase classname="tests.test_whitelist_collisions.TestPersonGroupImmune" name="test_person_named_asvg_not_whitelisted" time="0.000" /><testcase classname="tests.test_whitelist_collisions.TestPersonGroupImmune" name="test_person_magistrat_nachname_not_whitelisted" time="0.000" /><testcase classname="tests.test_whitelist_collisions.TestAuthorityAsOrgWhitelisted" name="test_bmi_as_org" time="0.000" /><testcase classname="tests.test_whitelist_collisions.TestAuthorityAsOrgWhitelisted" name="test_magistrat_wien_as_org" time="0.000" /><testcase classname="tests.test_whitelist_collisions.TestFilterPreservesPersonInsideAuthority" name="test_person_alongside_authority_kept" time="0.000" /></testsuite></testsuites>